
The fitting procedure starts...

outname    test02
Evib      ./evvib.x                        <=
erot      ./evrot.x                        <=
Deriv     ./deriv.x




poten 1
name X
NPARAM  40        < == number of parameters
r1       1.975149319
r2       0.952
alpha    180.00
AlphaMin  0.
range  1.9778  0.9520  180.000
range  1.9778  0.9520  170.000
range  1.9778  0.9520  160.000
range  1.8778  0.9520  180.000
values







Number of obs. data points:        32
Number of potential energy data points:     14280
Number of data points used in the fit:     13084

Iteration =        1

calling Everest program
calling the vibrational evib.x program, kmax =      0.5
calling the rovibronic erot.x program, kmax, jmax=      0.5     1.5
collecting the rovibronic energies ...

 ----------------------------------------------------------------------------------------------------
| ## |  N |  J | sym|     Obs.    |    Calc.   | Obs.-Calc. |   Weight |    v1 v2 v3  |
 ----------------------------------------------------------------------------------------------------
    1    1    0    1    1        0.0000       0.0000       0.0000   0.90E+00       0  0  0
    2    2    0    1    2    16310.2282   16310.6690       0.4408   0.18E-04       0  1  0
    3    3    0    1    2    16409.3892   16409.7580       0.3688   0.90E-06       0  1  0
    4    4    0    1    2    16586.4362   16586.4350      -0.0012   0.18E-04       1  0  0
    5  242    0    1    2    22197.0652   22663.7410     466.6758   0.90E-05       2 13  0
    6    1    0    2    1        0.6675       0.6690       0.0015   0.77E-02       0  0  0
    7    2    0    2    2    16310.7082   16311.1690       0.4608   0.18E-04       0  1  0
    8    3    0    2    2    16408.9202   16409.2590       0.3387   0.18E-04       0  1  0
    9    4    0    2    2    16586.3940   16586.4340       0.0400   0.18E-04       1  0  0
   10  242    0    2    2    22197.0612   22664.2550     467.1938   0.90E-05       2 13  0
   11    1    1    1    1        2.0042       2.0060       0.0018   0.30E-01       0  0  0
   12    3    1    1    1      354.9242     354.6330      -0.2912   0.18E-04       0  1  0
   13    2    1    1    2    16032.5597   16032.2100      -0.3497   0.19E-04       0  0  0
   14    3    1    1    2    16311.9641   16312.4380       0.4739   0.27E-05       0  1  0
   15    5    1    1    2    16409.7016   16410.0310       0.3294   0.18E-04       0  1  0
   16    6    1    1    2    16587.3832   16587.4460       0.0628   0.18E-04       1  0  0
   17    8    1    1    2    16650.4102   16653.3240       2.9138   0.90E-05       0  2  0
   18   50    1    1    2    18024.3646   18082.7040      58.3394   0.90E-05       1  4  0
   19  467    1    1    2    22198.0119   23169.0580     971.0461   0.25E-04       2 13  0
   20  476    1    1    2    22220.4401   23323.1410    1102.7009   0.25E-04       6  9  0
   21    1    1    2    1        0.6692       0.6690      -0.0002   0.65E-01       0  0  0
   22    2    1    2    1      353.2235     353.3000       0.0765   0.27E-05       0  1  0
   23    3    1    2    1      354.5615     354.6370       0.0755   0.90E-05       0  1  0
   24    1    1    2    2    15966.0981   15966.1000       0.0019   0.11E-04       0  0  0
   25    3    1    2    2    16311.0116   16311.4380       0.4264   0.25E-04       0  1  0
   26    5    1    2    2    16410.6561   16411.0300       0.3739   0.90E-05       0  1  0
   27    6    1    2    2    16587.4631   16587.4460      -0.0171   0.18E-04       1  0  0
   28    7    1    2    2    16645.6973   16645.4370      -0.2602   0.18E-04       1  0  0
   29    8    1    2    2    16650.4871   16653.3270       2.8399   0.90E-05       0  2  0
   30   11    1    2    2    16785.7461   16785.5920      -0.1541   0.90E-05       0  2  0
   31  467    1    2    2    22198.0270   23170.0750     972.0480   0.90E-06       2 13  0
   32  476    1    2    2    22220.4406   23322.0230    1101.5824   0.25E-04       6  9  0

Potential paramters:
F            0  0.00000000000000E+00
F            0  0.16278979926632E+04
F            1  0.27362996861395E+06
F            0  0.20113865177163E+06
F            0 -0.54868657700000E+01
F            0  0.64148045052200E+04
F            0 -0.17081710505050E+05
F            0 -0.25487588859700E+04
F            0 -0.25451068281164E+06
F            0 -0.41277910637890E+05
F            0 -0.23483785480000E+02
F            0  0.75872379822600E+04
F            0  0.53387203910500E+04
F            0 -0.46967570960000E+02
F            0 -0.40129180420960E+05
F            0  0.75301745783000E+03
F            0 -0.26003354241800E+04
F            0 -0.35460516077400E+04
F            0 -0.13147408275656E+06
F            0 -0.77461156674040E+05
F            0  0.20411140650000E+02
F            0 -0.26879058018200E+04
F            0 -0.71373149894000E+03
F            0 -0.13366005008000E+03
F            0  0.34180320556650E+05
F            0  0.24562503291430E+05
F            0 -0.17040010325200E+04
F            0 -0.62534467567540E+05
F            0 -0.25384435783300E+04
F            0 -0.72711945141000E+03
F            0  0.22498344390000E+04
F            0 -0.11857116921950E+05
F            0  0.14526147905520E+05
F            0  0.26168377216582E+06
F            0 -0.66407316900340E+05
F            0 -0.54228889119100E+05
F            0  0.51588170362880E+05
F            0 -0.18096780671890E+05
F            0  0.59100128546800E+04
F            0  0.21215076224450E+05
F            0  0.15969180000000E+05
F            0  0.14092073569200E+04
F            0  0.28238156410300E+06
F            0  0.20502987616300E+06
F            0  0.11205502966100E+03
F            0  0.65066553722500E+04
F            0 -0.18363942218200E+05
F            0 -0.26886615627000E+04
F            0 -0.26561328732700E+06
F            0 -0.37896052771900E+05
F            0 -0.91506523470400E+01
F            0  0.00000000000000E+00
F            0  0.54966734977000E+04
F            0 -0.30280759363900E+03
F            0 -0.36644420150000E+05
F            0 -0.18529886838100E+04
F            0 -0.23388124641300E+04
F            0 -0.48979011393100E+04
F            0 -0.15516250506100E+06
F            0 -0.81393898516800E+05
F            0  0.17948431818500E+02
F            0  0.47681130453900E+04
F            0 -0.88489479409400E+03
F            0  0.61981760719100E+02
F            0  0.20467899982900E+05
F            0  0.34259129803800E+05
F            0 -0.35611143262900E+04
F            0 -0.74159919776100E+05
F            0 -0.43870386638100E+02
F            0 -0.74092736311500E+03
F            0  0.24523386936000E+04
F            0 -0.12336523192500E+05
F            0  0.55277174723800E+04
F            0  0.26867100689300E+06
F            0 -0.67060120701700E+05
F            0 -0.40247600515300E+04
F            0  0.47294056658500E+05
F            0 -0.58677906279100E+04
F            0  0.10470922346100E+05
F            0  0.23366956246700E+05
F            0  0.15969180000000E+05
F            0  0.17042101527600E+04
F            0  0.28238156410300E+06
F            0  0.20502987616300E+06
F            0  0.14211519876400E+03
F            0  0.65066553722500E+04
F            0 -0.19133818640100E+05
F            0 -0.23959803067200E+04
F            0 -0.26561328732700E+06
F            0 -0.37896052771900E+05
F            0 -0.37188630522100E+02
F            0  0.00000000000000E+00
F            0  0.56209237373000E+04
F            0 -0.70235436487900E+03
F            0 -0.36644420150000E+05
F            0 -0.11375074486600E+04
F            0 -0.33856078869500E+04
F            0 -0.34623675588800E+04
F            0 -0.15516250506100E+06
F            0 -0.81393898516800E+05
F            0  0.20306519348900E+02
F            0  0.47681130453900E+04
F            0 -0.94870110062400E+03
F            0  0.23458516894400E+03
F            0  0.20467899982900E+05
F            0  0.33643392086500E+05
F            0 -0.28860260073800E+04
F            0 -0.74159919776100E+05
F            0  0.36300495081400E+03
F            0 -0.65811630825500E+02
F            0  0.29374441220500E+03
F            0 -0.18353637363100E+05
F            0  0.12174304561200E+05
F            0  0.26867100689300E+06
F            0 -0.67060120701700E+05
F            0 -0.40247600515300E+04
F            0  0.47294056658500E+05
F            0 -0.31618299247300E+05
F            0  0.52071258155300E+04
F            0 -0.39027595572800E+05
F            0 -0.33560000000000E+02
F            0 -0.90092146077300E-01
F            0 -0.58212619237700E+02
F            0 -0.36189102999900E+01
F            0 -0.17811035898000E-01
F            0 -0.18428071128500E+03
F            0 -0.11078492990400E+02
F            0  0.90023193194700E+00
F            0 -0.79888562542700E+03
F            0  0.56625198899900E+01
F            0  0.00000000000000E+00
F            0 -0.66869760452500E+03
F            0  0.00000000000000E+00
F            0  0.00000000000000E+00
F            0 -0.89351772908200E+02
F            0  0.36418859528700E+02
F            0  0.37518874812500E+01
F            0  0.66275848711700E+02
F            0  0.24153219394000E+04
F            0  0.00000000000000E+00
F            0  0.00000000000000E+00
F            0  0.43718329259900E+04
F            0  0.00000000000000E+00
F            0  0.00000000000000E+00
F            0  0.45273461843800E+04
F            0  0.00000000000000E+00
F            0  0.00000000000000E+00
F            0  0.14502031726600E+04
F            0  0.00000000000000E+00
F            0  0.00000000000000E+00
F            0  0.00000000000000E+00
F            0  0.00000000000000E+00
F            0  0.00000000000000E+00
F            0  0.00000000000000E+00
F            0  0.00000000000000E+00
F            0  0.00000000000000E+00
F            0  0.00000000000000E+00
F            0  0.00000000000000E+00
F            0  0.00000000000000E+00
F            0  0.00000000000000E+00

   --------------------------------------------------------------------------------
   |  Iter  | Points | Params |   Deviat    |    ssq_ener |   ssq_pot | Stability |
   --------------------------------------------------------------------------------
   |      1 |  13084 |      1 |   0.82762E-01 |  0.38555E+03  |   0.270E+03 | 0.100E+11 |
   --------------------------------------------------------------------------------


        10 secs CPU time used

