  1/2  -1     1    2595.4580     -33.9010   1 0?3   1  0  0  0 1.000 0.5 1.000  1  0 1.000  1  1 
  1/2  -1     2    2941.9300     312.5709   1 1?3   1  0  1  0 1.000 0.5 1.000  1  1 1.000  2  1 
  1/2  -1     3    3273.0080     643.6493   1 0?3   2  0  2  0 0.999 0.5 1.000  1  0 0.999  1  1 
  1/2  -1     4    3572.3350     942.9758   1 0?3   3  1  0  0 1.000 0.5 1.000  1  0 1.000  1  1 
  1/2  -1     5    3614.6720     985.3133   1 1?3   2  0  3  0 0.999 0.5 1.000  1  1 0.999  2  1 
  1/2  -1     6    3783.7930    1154.4343   1 0?3   4  2  0  0 1.000 0.5 1.000  1  0 1.000  1  1 
  1/2  -1     7    3831.4370    1202.0779   1 1?3   3  1  1  0 0.999 0.5 1.000  1  1 0.999  2  1 
  1/2  -1     8    3941.2940    1311.9353   1 0?3   5  0  4  0 0.999 0.5 1.000  1  0 0.999  1  1 
  1/2  -1     9    4091.3440    1461.9846   1 0?3   6  2  2  0 0.999 0.5 1.000  1  0 0.999  1  1 
  1/2  -1    10    4213.2030    1583.8439   1 1?3   4  1  1  0 1.000 0.5 1.000  1  1 1.000  2  1 
  1/2  -1    11    4279.5350    1650.1756   1 1?3   5  0  5  0 0.999 0.5 1.000  1  1 0.999  2  1 
  1/2  -1    12    4369.8690    1740.5102   1 1?3   6  2  3  0 0.999 0.5 1.000  1  1 0.999  2  1 
  1/2  -1    13    4597.9160    1968.5571   1 0?3   7  0  6  0 0.999 0.5 1.000  1  0 0.999  1  1 
  1/2  -1    14    4626.7150    1997.3561   1 0?3   8  1  2  0 0.999 0.5 1.000  1  0 0.999  1  1 
  1/2  -1    15    4664.9920    2035.6323   1 0?3   9  2  4  0 0.999 0.5 1.000  1  0 0.999  1  1 
  1/2  -1    16    4919.2550    2289.8960   1 1?3   7  2  5  0 0.999 0.5 1.000  1  1 0.999  2  1 
  1/2  -1    17    4973.5010    2344.1418   1 1?3   8  0  7  0 0.999 0.5 1.000  1  1 0.999  2  1 
  1/2  -1    18    5066.6620    2437.3032   1 1?3   9  1  3  0 0.999 0.5 1.000  1  1 0.999  2  1 
  1/2  -1    19    5223.4430    2594.0842   1 0?3  10  2  6  0 0.999 0.5 1.000  1  0 0.999  1  1 
  1/2  -1    20    5303.6930    2674.3337   1 0?3  11  0  8  0 0.998 0.5 1.000  1  0 0.998  1  1 
  1/2  -1    21    5471.1770    2841.8182   1 0?3  12  1  4  0 0.999 0.5 1.000  1  0 0.999  1  1 
  1/2  -1    22    5543.5630    2914.2041   1 1?3  10  2  7  0 0.999 0.5 1.000  1  1 0.999  2  1 
  1/2  -1    23    5602.6490    2973.2900   1 0?3  13  3  0  0 1.000 0.5 1.000  1  0 1.000  1  1 
  1/2  -1    24    5655.2850    3025.9258   1 1?3  11  0  9  0 0.998 0.5 1.000  1  1 0.998  2  1 
  1/2  -1    25    5724.2090    3094.8502   1 1?3  12  3  1  0 0.999 0.5 1.000  1  1 0.999  2  1 
  1/2  -1    26    5861.2020    3231.8429   1 0?3  14  2  8  0 0.999 0.5 1.000  1  0 0.999  1  1 
  1/2  -1    27    5883.5350    3254.1756   1 1?3  13  1  5  0 0.999 0.5 1.000  1  1 0.999  2  1 
  1/2  -1    28    5923.1300    3293.7708   1 0?3  15  3  2  0 0.999 0.5 1.000  1  0 0.999  1  1 
  1/2  -1    29    6001.2510    3371.8922   1 0?3  16  0 10  0 0.998 0.5 1.000  1  0 0.998  1  1 
  1/2  -1    30    6125.9060    3496.5465   1 1?3  14  3  5  0 0.999 0.5 1.000  1  1 0.999  2  1 
  1/2  -1    31    6199.2490    3569.8902   1 1?3  15  2  9  0 0.998 0.5 1.000  1  1 0.998  2  1 
  1/2  -1    32    6270.8750    3641.5162   1 0?3  17  1  6  0 0.999 0.5 1.000  1  0 0.999  1  1 
  1/2  -1    33    6362.6620    3733.3029   1 0?3  18  3  6  0 0.999 0.5 1.000  1  0 0.999  1  1 
  1/2  -1    34    6368.2600    3738.9006   1 1?3  16  0 11  0 0.998 0.5 1.000  1  1 0.998  2  1 
  1/2  -1    35    6491.5950    3862.2361   1 0?3  19  0  0  1 1.000 0.5 1.000  1  0 1.000  1  1 
  1/2  -1    36    6534.8000    3905.4412   1 0?3  20  2 10  0 0.998 0.5 1.000  1  0 0.998  1  1 
  1/2  -1    37    6596.0980    3966.7385   1 1?3  17  3  7  0 0.999 0.5 1.000  1  1 0.999  2  1 
  1/2  -1    38    6686.6740    4057.3144   1 1?3  18  1  7  0 0.998 0.5 1.000  1  1 0.998  2  1 
  1/2  -1    39    6729.7260    4100.3664   1 0?3  21  0 12  0 0.998 0.5 1.000  1  0 0.998  1  1 
  1/2  -1    40    6862.9820    4233.6233   1 0?3  22  3  8  0 0.999 0.5 1.000  1  0 0.999  1  1 
  1/2  -1    41    6869.8010    4240.4419   1 1?3  19  0  1  1 1.000 0.5 1.000  1  1 1.000  2  1 
  1/2  -1    42    6890.8130    4261.4538   1 1?3  20  2 11  0 0.998 0.5 1.000  1  1 0.998  2  1 
  1/2  -1    43    7066.0530    4436.6939   1 0?3  23  1  8  0 0.998 0.5 1.000  1  0 0.998  1  1 
  1/2  -1    44    7113.1400    4483.7809   1 1?3  21  0 13  0 0.998 0.5 1.000  1  1 0.998  2  1 
  1/2  -1    45    7144.9890    4515.6294   1 1?3  22  3  9  0 0.999 0.5 1.000  1  1 0.999  2  1 
  1/2  -1    46    7228.9360    4599.5766   1 0?3  24  0  2  1 0.999 0.5 1.000  1  0 0.999  1  1 
  1/2  -1    47    7244.0210    4614.6614   1 0?3  25  2 12  0 0.998 0.5 1.000  1  0 0.998  1  1 
  1/2  -1    48    7436.2480    4806.8886   1 0?3  26  3 10  0 0.999 0.5 1.000  1  0 0.999  1  1 
  1/2  -1    49    7456.8340    4827.4751   1 0?3  27  1  0  1 1.000 0.5 1.000  1  0 1.000  1  1 
  1/2  -1    50    7461.4130    4832.0534   1 1?3  23  1  9  0 0.999 0.5 1.000  1  1 0.999  2  1 
  1/2  -1    51    7492.0690    4862.7097   1 0?3  28  0 14  0 0.999 0.5 1.000  1  0 0.999  1  1 
  1/2  -1    52    7597.4090    4968.0501   1 1?3  24  0  3  1 1.000 0.5 1.000  1  1 1.000  2  1 
  1/2  -1    53    7617.1320    4987.7729   1 1?3  25  2 13  0 0.999 0.5 1.000  1  1 0.999  2  1 
  1/2   1    54    2594.7920     -34.5668   1 0?3   1  0  0  0 1.000 0.5 1.000  1  0 1.000  1  0 
  1/2   1    55    2941.9310     312.5720   1 1?3   1  0  1  0 1.000 0.5 1.000  1  1 1.000  2  1 
  1/2   1    56    3272.3390     642.9800   1 0?3   2  0  2  0 1.000 0.5 1.000  1  0 1.000  1  0 
  1/2   1    57    3571.7100     942.3512   1 0?3   3  1  0  0 1.000 0.5 1.000  1  0 1.000  1  0 
  1/2   1    58    3614.6730     985.3140   1 1?3   2  0  3  0 1.000 0.5 1.000  1  1 1.000  2  1 
  1/2   1    59    3783.0700    1153.7107   1 0?3   4  2  0  0 1.000 0.5 1.000  1  0 1.000  1  0 
  1/2   1    60    3831.4370    1202.0773   1 1?3   3  1  1  0 1.000 0.5 1.000  1  1 1.000  2  1 
  1/2   1    61    3940.6210    1311.2619   1 0?3   5  0  4  0 1.000 0.5 1.000  1  0 1.000  1  0 
  1/2   1    62    4090.7300    1461.3712   1 0?3   6  2  2  0 1.000 0.5 1.000  1  0 1.000  1  0 
  1/2   1    63    4213.2010    1583.8421   1 1?3   4  1  1  0 1.000 0.5 1.000  1  1 1.000  2  1 
  1/2   1    64    4279.5320    1650.1726   1 1?3   5  0  5  0 1.000 0.5 1.000  1  1 1.000  2  1 
  1/2   1    65    4369.8660    1740.5071   1 1?3   6  2  3  0 1.000 0.5 1.000  1  1 1.000  2  1 
  1/2   1    66    4597.2520    1967.8932   1 0?3   7  0  6  0 1.000 0.5 1.000  1  0 1.000  1  0 
  1/2   1    67    4625.9880    1996.6290   1 0?3   8  1  2  0 1.000 0.5 1.000  1  0 1.000  1  0 
  1/2   1    68    4664.3270    2034.9682   1 0?3   9  2  4  0 1.000 0.5 1.000  1  0 1.000  1  0 
  1/2   1    69    4919.2520    2289.8932   1 1?3   7  2  5  0 1.000 0.5 1.000  1  1 1.000  2  1 
  1/2   1    70    4973.4980    2344.1391   1 1?3   8  0  7  0 1.000 0.5 1.000  1  1 1.000  2  1 
  1/2   1    71    5066.6590    2437.3002   1 1?3   9  1  3  0 1.000 0.5 1.000  1  1 1.000  2  1 
  1/2   1    72    5222.8140    2593.4548   1 0?3  10  2  6  0 1.000 0.5 1.000  1  0 1.000  1  0 
  1/2   1    73    5303.0110    2673.6522   1 0?3  11  0  8  0 1.000 0.5 1.000  1  0 1.000  1  0 
  1/2   1    74    5470.4140    2841.0552   1 0?3  12  1  4  0 1.000 0.5 1.000  1  0 1.000  1  0 
  1/2   1    75    5543.5610    2914.2015   1 1?3  10  2  7  0 1.000 0.5 1.000  1  1 1.000  2  1 
  1/2   1    76    5602.1090    2972.7496   1 0?3  13  3  0  0 1.000 0.5 1.000  1  0 1.000  1  0 
  1/2   1    77    5655.2840    3025.9244   1 1?3  11  0  9  0 1.000 0.5 1.000  1  1 1.000  2  1 
  1/2   1    78    5724.2060    3094.8470   1 1?3  12  3  1  0 1.000 0.5 1.000  1  1 1.000  2  1 
  1/2   1    79    5860.5710    3231.2118   1 0?3  14  2  8  0 1.000 0.5 1.000  1  0 1.000  1  0 
  1/2   1    80    5883.5310    3254.1722   1 1?3  13  1  5  0 1.000 0.5 1.000  1  1 1.000  2  1 
  1/2   1    81    5922.5830    3293.2241   1 0?3  15  3  2  0 1.000 0.5 1.000  1  0 1.000  1  0 
  1/2   1    82    6000.5650    3371.2058   1 0?3  16  0 10  0 1.000 0.5 1.000  1  0 1.000  1  0 
  1/2   1    83    6125.9030    3496.5433   1 1?3  14  3  5  0 1.000 0.5 1.000  1  1 1.000  2  1 
  1/2   1    84    6199.2470    3569.8882   1 1?3  15  2  9  0 1.000 0.5 1.000  1  1 1.000  2  1 
  1/2   1    85    6270.1180    3640.7592   1 0?3  17  1  6  0 1.000 0.5 1.000  1  0 1.000  1  0 
  1/2   1    86    6362.0950    3732.7362   1 0?3  18  3  6  0 1.000 0.5 1.000  1  0 1.000  1  0 
  1/2   1    87    6368.2600    3738.9005   1 1?3  16  0 11  0 1.000 0.5 1.000  1  1 1.000  2  1 
  1/2   1    88    6490.9250    3861.5662   1 0?3  19  0  0  1 1.000 0.5 1.000  1  0 1.000  1  0 
  1/2   1    89    6534.1640    3904.8046   1 0?3  20  2 10  0 1.000 0.5 1.000  1  0 1.000  1  0 
  1/2   1    90    6596.0940    3966.7349   1 1?3  17  3  7  0 1.000 0.5 1.000  1  1 1.000  2  1 
  1/2   1    91    6686.6690    4057.3096   1 1?3  18  1  7  0 1.000 0.5 1.000  1  1 1.000  2  1 
  1/2   1    92    6729.0350    4099.6756   1 0?3  21  0 12  0 1.000 0.5 1.000  1  0 1.000  1  0 
  1/2   1    93    6862.4220    4233.0630   1 0?3  22  3  8  0 1.000 0.5 1.000  1  0 1.000  1  0 
  1/2   1    94    6869.7960    4240.4368   1 1?3  19  0  1  1 1.000 0.5 1.000  1  1 1.000  2  1 
  1/2   1    95    6890.8090    4261.4502   1 1?3  20  2 11  0 1.000 0.5 1.000  1  1 1.000  2  1 
  1/2   1    96    7065.2750    4435.9159   1 0?3  23  1  8  0 1.000 0.5 1.000  1  0 1.000  1  0 
  1/2   1    97    7113.1370    4483.7782   1 1?3  21  0 13  0 1.000 0.5 1.000  1  1 1.000  2  1 
  1/2   1    98    7144.9840    4515.6246   1 1?3  22  3  9  0 1.000 0.5 1.000  1  1 1.000  2  1 
  1/2   1    99    7228.2570    4598.8978   1 0?3  24  0  2  1 1.000 0.5 1.000  1  0 1.000  1  0 
  1/2   1   100    7243.3720    4614.0131   1 0?3  25  2 12  0 1.000 0.5 1.000  1  0 1.000  1  0 
  1/2   1   101    7435.4780    4806.1184   1 0?3  26  3 10  0 1.000 0.5 1.000  1  0 1.000  1  0 
  1/2   1   102    7456.1410    4826.7818   1 0?3  27  1  0  1 1.000 0.5 1.000  1  0 1.000  1  0 
  1/2   1   103    7461.0360    4831.6770   1 1?3  23  1  9  0 1.000 0.5 1.000  1  1 1.000  2  1 
  1/2   1   104    7490.9620    4861.6027   1 0?3  28  0 14  0 1.000 0.5 1.000  1  0 1.000  1  0 
  1/2   1   105    7597.2590    4967.8996   1 1?3  24  0  3  1 1.000 0.5 1.000  1  1 1.000  2  1 
  1/2   1   106    7616.8040    4987.4448   1 1?3  25  2 13  0 1.000 0.5 1.000  1  1 1.000  2  1 
  1/2  -1   107   18577.9540   15948.5951   2 1?3   1  0  0  0 1.000 0.5 1.000  2  1 0.522  3  1 
  1/2  -1   108   18915.5400   16286.1809   2 0?3   1  0  1  0 0.859 0.5 1.000  2  0 0.859  1  1 
  1/2  -1   109   19012.1300   16382.7706   3 0?3   1  0  1  0 0.860 0.5 1.000  3  0 0.860  2  0 
  1/2  -1   110   19248.5360   16619.1769   2 1?3   2  0  2  0 0.943 0.5 1.000  2  1 0.768  3  1 
  1/2  -1   111   19384.8630   16755.5039   2 1?3   3  0  2  0 0.944 0.5 1.000  3  1 0.768  3  1 
  1/2  -1   112   19468.6900   16839.3308   2 1?3   4  1  0  0 1.000 0.5 1.000  2  1 0.538  3  1 
  1/2  -1   113   19579.8160   16950.4566   2 0?3   2  0  3  0 0.947 0.5 1.000  2  0 0.947  1  1 
  1/2  -1   114   19695.4510   17066.0922   2 0?3   3  1  1  0 0.880 0.5 1.000  2  0 0.881  1  1 
  1/2  -1   115   19730.1590   17100.7997   3 0?3   2  0  3  0 0.937 0.5 1.000  3  0 0.938  2  0 
  1/2  -1   116   19804.9060   17175.5472   3 0?3   3  1  1  0 0.890 0.5 1.000  3  0 0.891  2  0 
  1/2  -1   117   19901.0750   17271.7159   2 1?3   5  0  4  0 0.961 0.5 1.000  2  1 0.835  3  1 
  1/2  -1   118   19958.9960   17329.6367   2 1?3   6  1  2  0 0.878 0.5 1.000  2  1 0.726  3  1 
  1/2  -1   119   19984.3120   17354.9530   2 1?3   7  2  0  0 0.874 0.5 1.000  2  1 0.597  3  1 
  1/2  -1   120   20067.0830   17437.7239   2 1?3   8  1  2  0 0.924 0.5 1.000  3  1 0.811  3  1 
  1/2  -1   121   20125.9730   17496.6136   2 1?3   9  0  4  0 0.960 0.5 1.000  3  1 0.842  3  1 
  1/2  -1   122   20194.9540   17565.5949   2 0?3   4  1  3  0 0.957 0.5 1.000  2  0 0.957  1  1 
  1/2  -1   123   20282.3950   17653.0359   2 0?3   5  0  5  0 0.962 0.5 1.000  2  0 0.963  1  1 
  1/2  -1   124   20362.0530   17732.6938   3 0?3   4  1  3  0 0.950 0.5 1.000  3  0 0.951  2  0 
  1/2  -1   125   20426.5340   17797.1752   2 0?3   6  2  1  0 0.844 0.5 1.000  2  0 0.844  1  1 
  1/2  -1   126   20477.6910   17848.3321   3 0?3   5  0  5  0 0.965 0.5 1.000  3  0 0.967  2  0 
  1/2  -1   127   20489.8320   17860.4724   2 1?3  10  1  4  0 0.968 0.5 1.000  2  1 0.863  3  1 
  1/2  -1   128   20518.0430   17888.6837   3 0?3   6  2  1  0 0.847 0.5 1.000  3  0 0.848  2  0 
  1/2  -1   129   20625.1220   17995.7628   2 1?3  11  0  6  0 0.972 0.5 1.000  2  1 0.891  3  1 
  1/2  -1   130   20681.2190   18051.8596   2 1?3  12  1  4  0 0.962 0.5 1.000  3  1 0.866  3  1 
  1/2  -1   131   20794.1700   18164.8107   2 0?3   7  1  5  0 0.970 0.5 1.000  2  0 0.970  1  1 
  1/2  -1   132   20855.9080   18226.5486   2 1?3  13  0  6  0 0.958 0.5 1.000  3  1 0.877  3  1 
  1/2  -1   133   20863.0480   18233.6886   2 1?3  14  2  2  0 0.923 0.5 1.000  2  1 0.735  3  1 
  1/2  -1   134   20973.1570   18343.7977   2 0?3   8  0  7  0 0.971 0.5 1.000  2  0 0.972  1  1 
  1/2  -1   135   20994.9090   18365.5496   2 1?3  15  2  2  0 0.945 0.5 1.000  3  1 0.755  3  1 
  1/2  -1   136   20998.2790   18368.9199   3 0?3   7  1  5  0 0.963 0.5 1.000  3  0 0.963  2  0 
  1/2  -1   137   21113.8140   18484.4552   2 1?3  16  1  6  0 0.977 0.5 1.000  2  1 0.894  3  1 
  1/2  -1   138   21218.3110   18588.9514   3 0?3   8  0  7  0 0.981 0.5 1.000  3  0 0.981  2  0 
  1/2  -1   139   21293.1690   18663.8096   2 0?3   9  2  3  0 0.945 0.5 1.000  2  0 0.945  1  1 
  1/2  -1   140   21333.0060   18703.6471   2 1?3  18  0  8  0 0.941 0.5 1.000  2  1 0.916  3  1 
  1/2  -1   141   21341.7310   18712.3718   2 1?3  17  1  6  0 0.935 0.5 1.000  3  1 0.898  3  1 
  1/2  -1   142   21409.6830   18780.3240   2 1?3  19  3  0  0 0.998 0.5 1.000  2  1 0.624  3  1 
  1/2  -1   143   21437.6720   18808.3127   3 0?3   9  2  3  0 0.941 0.5 1.000  3  0 0.941  2  0 
  1/2  -1   144   21443.4590   18814.0999   2 0?3  10  1  7  0 0.973 0.5 1.000  2  0 0.973  1  1 
  1/2  -1   145   21493.3330   18863.9742   2 0?3  11  3  1  0 0.929 0.5 1.000  2  0 0.929  1  1 
  1/2  -1   146   21604.6110   18975.2518   2 1?3  20  0  8  0 0.986 0.5 1.000  3  1 0.919  3  1 
  1/2  -1   147   21631.4700   19002.1109   3 0?3  10  3  1  0 0.929 0.5 1.000  3  0 0.929  2  0 
  1/2  -1   148   21680.6670   19051.3080   3 0?3  11  1  7  0 0.976 0.5 1.000  3  0 0.976  2  0 
  1/2  -1   149   21683.8960   19054.5369   2 1?3  21  3  2  0 0.921 0.5 1.000  2  1 0.761  3  1 
  1/2  -1   150   21696.0900   19066.7310   2 0?3  12  0  9  0 0.981 0.5 1.000  2  0 0.981  1  1 
  1/2  -1   151   21733.1660   19103.8067   2 1?3  22  2  4  0 0.936 0.5 1.000  2  1 0.820  3  1 
  1/2  -1   152   21789.0130   19159.6542   2 1?3  23  1  8  0 0.970 0.5 1.000  2  1 0.911  3  1 
  1/2  -1   153   21813.6320   19184.2723   2 1?3  24  3  0  0 0.905 0.5 1.000  3  1 0.791  3  1 
  1/2  -1   154   21899.1510   19269.7921   2 0?3  13  3  5  0 0.951 0.5 1.000  2  0 0.951  1  1 
  1/2  -1   155   21910.6330   19281.2738   2 1?3  25  2  4  0 0.968 0.5 1.000  3  1 0.854  3  1 
  1/2  -1   156   21975.3890   19346.0297   3 0?3  12  0  9  0 0.986 0.5 1.000  3  0 0.986  2  0 
  1/2  -1   157   22047.0410   19417.6820   2 1?3  26  1  8  0 0.983 0.5 1.000  3  1 0.915  3  1 
  1/2  -1   158   22063.3320   19433.9731   3 0?3  13  3  5  0 0.951 0.5 1.000  3  0 0.951  2  0 
  1/2  -1   159   22071.7530   19442.3942   2 1?3  27  0 10  0 0.986 0.5 1.000  2  1 0.927  3  1 
  1/2  -1   160   22136.7520   19507.3930   2 1?3  28  3  2  0 0.956 0.5 1.000  2  1 0.833  3  1 
  1/2  -1   161   22140.6800   19511.3204   2 0?3  14  1  9  0 0.971 0.5 1.000  2  0 0.978  1  1 
  1/2  -1   162   22145.5460   19516.1871   2 0?3  15  2  5  0 0.967 0.5 1.000  2  0 0.975  1  1 
  1/2  -1   163   22308.9240   19679.5644   2 1?3  29  3  2  0 0.956 0.5 1.000  3  1 0.852  3  1 
  1/2  -1   164   22340.0750   19710.7155   2 1?3  31  0  0  1 0.997 0.5 1.000  2  1 0.515  3  1 
  1/2  -1   165   22346.8500   19717.4904   3 0?3  14  2  5  0 0.973 0.5 1.000  3  0 0.973  2  0 
  1/2  -1   166   22371.7580   19742.3986   2 1?3  30  0 10  0 0.988 0.5 1.000  3  1 0.931  3  1 
  1/2  -1   167   22393.8280   19764.4693   2 0?3  16  3  7  0 0.961 0.5 1.000  2  0 0.961  1  1 
  1/2  -1   168   22406.5110   19777.1515   3 0?3  15  1  9  0 0.981 0.5 1.000  3  0 0.981  2  0 
  1/2  -1   169   22451.0450   19821.6860   2 0?3  17  0 11  0 0.986 0.5 1.000  2  0 0.986  1  1 
  1/2  -1   170   22510.1020   19880.7433   2 1?3  32  1 10  0 0.984 0.5 1.000  2  1 0.925  3  1 
  1/2  -1   171   22560.1150   19930.7561   2 1?3  33  2  6  0 0.981 0.5 1.000  2  1 0.898  3  1 
  1/2  -1   172   22584.0530   19954.6942   3 0?3  16  3  7  0 0.964 0.5 1.000  3  0 0.964  2  0 
  1/2  -1   173   22674.2110   20044.8514   2 1?3  34  3  6  0 0.968 0.5 1.000  2  1 0.877  3  1 
  1/2  -1   174   22716.1480   20086.7884   2 0?3  18  0  1  1 0.851 0.5 1.000  2  0 0.851  1  1 
  1/2  -1   175   22753.6350   20124.2759   3 0?3  17  0 11  0 0.987 0.5 1.000  3  0 0.987  2  0 
  1/2  -1   176   22792.4270   20163.0676   2 1?3  35  1 10  0 0.985 0.5 1.000  3  1 0.927  3  1 
  1/2  -1   177   22797.0060   20167.6473   2 1?3  36  2  6  0 0.979 0.5 1.000  3  1 0.898  3  1 
  1/2  -1   178   22810.4830   20181.1242   3 0?3  18  0  1  1 0.851 0.5 1.000  3  0 0.851  2  0 
  1/2  -1   179   22843.9720   20214.6131   2 1?3  37  0 12  0 0.987 0.5 1.000  2  1 0.936  3  1 
  1/2  -1   180   22882.3790   20253.0194   2 0?3  19  1 11  0 0.983 0.5 1.000  2  0 0.983  1  1 
  1/2  -1   181   22882.8410   20253.4820   2 1?3  38  3  8  0 0.973 0.5 1.000  3  1 0.891  3  1 
  1/2  -1   182   22936.4820   20307.1229   2 0?3  20  2  7  0 0.974 0.5 1.000  2  0 0.974  1  1 
  1/2  -1   183   23008.4230   20379.0639   2 0?3  21  2  7  0 0.978 0.5 1.000  2  0 0.978  1  1 
  1/2  -1   184   23085.8910   20456.5313   2 1?3  39  0  2  1 0.944 0.5 1.000  2  1 0.758  3  1 
  1/2  -1   185   23143.0730   20513.7138   3 0?3  19  3  9  0 0.972 0.5 1.000  3  0 0.973  2  0 
  1/2  -1   186   23162.3100   20532.9510   2 1?3  40  0 12  0 0.988 0.5 1.000  3  1 0.939  3  1 
  1/2  -1   187   23179.5320   20550.1726   3 0?3  20  1 11  0 0.983 0.5 1.000  3  0 0.984  2  0 
  1/2  -1   188   23212.3390   20582.9798   2 1?3  43  1  0  1 0.749 0.5 1.000  3  1 0.506  3  1 
  1/2  -1   189   23223.8270   20594.4675   2 1?3  41  0  2  1 0.711 0.5 1.000  3  1 0.721  3  1 
  1/2  -1   190   23238.5880   20609.2291   2 1?3  42  3 10  0 0.964 0.5 1.000  2  1 0.900  3  1 
  1/2  -1   191   23240.1830   20610.8241   2 0?3  22  0 13  0 0.982 0.5 1.000  2  0 0.982  1  1 
  1/2  -1   192   23263.0600   20633.7010   3 0?3  21  2  7  0 0.984 0.5 1.000  3  0 0.984  2  0 
  1/2  -1   193   23289.7990   20660.4396   2 1?3  44  1 12  0 0.982 0.5 1.000  2  1 0.924  3  1 
  1/2  -1   194   23418.9550   20789.5960   2 1?3  45  2  8  0 0.982 0.5 1.000  2  1 0.924  3  1 
  1/2  -1   195   23446.2780   20816.9192   2 0?3  23  0  3  1 0.926 0.5 1.000  2  0 0.927  1  1 
  1/2  -1   196   23467.3870   20838.0281   2 1?3  46  3 10  0 0.970 0.5 1.000  3  1 0.900  3  1 
  1/2  -1   197   23489.0170   20859.6575   2 0?3  24  1  1  1 0.876 0.5 1.000  2  0 0.881  1  1 
  1/2  -1   198   23557.1420   20927.7826   3 0?3  22  0 13  0 0.955 0.5 1.000  3  0 0.956  2  0 
  1/2  -1   199   23564.9920   20935.6333   2 0?3  25  3 11  0 0.940 0.5 1.000  2  0 0.940  1  1 
  1/2  -1   200   23569.4080   20940.0486   3 0?3  23  1  1  1 0.872 0.5 1.000  3  0 0.876  2  0 
  1/2  -1   201   23586.0840   20956.7248   2 1?3  47  1 12  0 0.988 0.5 1.000  3  1 0.935  3  1 
  1/2  -1   202   23615.4840   20986.1245   3 0?3  24  0  3  1 0.932 0.5 1.000  3  0 0.932  2  0 
  1/2  -1   203   23654.3940   21025.0353   2 1?3  48  0 14  0 0.998 0.5 1.000  2  1 0.957  3  1 
  1/2  -1   204   23685.6940   21056.3347   2 0?3  26  1 13  0 0.996 0.5 1.000  2  0 0.996  1  1 
  1/2  -1   205   23716.3150   21086.9554   2 1?3  49  2  8  0 0.989 0.5 1.000  3  1 0.928  3  1 
  1/2  -1   206   23736.2090   21106.8497   2 1?3  50  1  2  1 0.871 0.5 1.000  2  1 0.638  3  1 
  1/2  -1   207   23762.6030   21133.2441   2 1?3  51  2  0  1 0.856 0.5 1.000  2  1 0.670  3  1 
  1/2  -1   208   23788.6150   21159.2562   3 0?3  25  3 11  0 0.971 0.5 1.000  3  0 0.971  2  0 
  1/2  -1   209   23820.5330   21191.1738   2 1?3  52  0  4  1 0.920 0.5 1.000  2  1 0.860  3  1 
  1/2  -1   210   23836.6520   21207.2926   2 0?3  27  2  9  0 0.996 0.5 1.000  2  0 0.998  1  1 
  1/2  -1   211   23843.8100   21214.4512   2 0?3  28  2  9  0 0.996 0.5 1.000  2  0 0.998  1  1 
  1/2  -1   212   23854.0800   21224.7205   2 1?3  53  1  0  1 0.763 0.5 1.000  2  1 0.872  3  1 
  1/2  -1   213   23891.9750   21262.6154   2 1?3  54  1  2  1 0.763 0.5 1.000  3  1 0.780  3  1 
  1/2  -1   214   23904.7460   21275.3870   2 1?3  55  3 12  0 0.999 0.5 1.000  2  1 0.934  3  1 
  1/2   1   215   18577.9540   15948.5951   2 1?3   1  0  0  0 1.000 0.5 1.000  2  1 0.523  3  1 
  1/2   1   216   18915.0590   16285.6998   2 0?3   1  0  1  0 0.863 0.5 1.000  2  0 0.863  1  0 
  1/2   1   217   19012.6100   16383.2510   3 0?3   1  0  1  0 0.863 0.5 1.000  3  0 0.863  2  1 
  1/2   1   218   19248.5380   16619.1784   2 1?3   2  0  2  0 0.944 0.5 1.000  2  1 0.768  3  1 
  1/2   1   219   19384.8620   16755.5030   2 1?3   3  0  2  0 0.943 0.5 1.000  3  1 0.768  3  1 
  1/2   1   220   19468.6900   16839.3309   2 1?3   4  1  0  0 1.000 0.5 1.000  2  1 0.539  3  1 
  1/2   1   221   19579.2200   16949.8609   2 0?3   2  0  3  0 0.949 0.5 1.000  2  0 0.949  1  0 
  1/2   1   222   19694.9850   17065.6262   2 0?3   3  1  1  0 0.883 0.5 1.000  2  0 0.884  1  0 
  1/2   1   223   19730.7420   17101.3830   3 0?3   2  0  3  0 0.937 0.5 1.000  3  0 0.939  2  1 
  1/2   1   224   19805.3830   17176.0241   3 0?3   3  1  1  0 0.892 0.5 1.000  3  0 0.892  2  1 
  1/2   1   225   19901.0770   17271.7175   2 1?3   5  0  4  0 0.962 0.5 1.000  2  1 0.836  3  1 
  1/2   1   226   19958.9970   17329.6376   2 1?3   6  1  2  0 0.879 0.5 1.000  2  1 0.726  3  1 
  1/2   1   227   19984.3120   17354.9529   2 1?3   7  2  0  0 0.874 0.5 1.000  2  1 0.597  3  1 
  1/2   1   228   20067.0830   17437.7243   2 1?3   8  1  2  0 0.923 0.5 1.000  3  1 0.810  3  1 
  1/2   1   229   20125.9730   17496.6137   2 1?3   9  0  4  0 0.959 0.5 1.000  3  1 0.841  3  1 
  1/2   1   230   20194.3820   17565.0232   2 0?3   4  1  3  0 0.958 0.5 1.000  2  0 0.958  1  0 
  1/2   1   231   20281.7790   17652.4195   2 0?3   5  0  5  0 0.964 0.5 1.000  2  0 0.964  1  0 
  1/2   1   232   20362.6080   17733.2484   3 0?3   4  1  3  0 0.950 0.5 1.000  3  0 0.951  2  1 
  1/2   1   233   20426.0150   17796.6555   2 0?3   6  2  1  0 0.848 0.5 1.000  2  0 0.848  1  0 
  1/2   1   234   20478.3160   17848.9571   3 0?3   5  0  5  0 0.964 0.5 1.000  3  0 0.966  2  1 
  1/2   1   235   20489.8310   17860.4722   2 1?3  10  1  4  0 0.969 0.5 1.000  2  1 0.864  3  1 
  1/2   1   236   20518.5660   17889.2064   3 0?3   6  2  1  0 0.851 0.5 1.000  3  0 0.851  2  1 
  1/2   1   237   20625.1210   17995.7618   2 1?3  11  0  6  0 0.973 0.5 1.000  2  1 0.893  3  1 
  1/2   1   238   20681.2230   18051.8637   2 1?3  12  1  4  0 0.961 0.5 1.000  3  1 0.865  3  1 
  1/2   1   239   20793.5790   18164.2196   2 0?3   7  1  5  0 0.972 0.5 1.000  2  0 0.972  1  0 
  1/2   1   240   20855.9120   18226.5524   2 1?3  13  0  6  0 0.957 0.5 1.000  3  1 0.876  3  1 
  1/2   1   241   20863.0460   18233.6873   2 1?3  14  2  2  0 0.923 0.5 1.000  2  1 0.736  3  1 
  1/2   1   242   20972.5160   18343.1564   2 0?3   8  0  7  0 0.974 0.5 1.000  2  0 0.974  1  0 
  1/2   1   243   20994.9100   18365.5512   2 1?3  15  2  2  0 0.944 0.5 1.000  3  1 0.755  3  1 
  1/2   1   244   20998.8550   18369.4961   3 0?3   7  1  5  0 0.963 0.5 1.000  3  0 0.963  2  1 
  1/2   1   245   21113.8140   18484.4545   2 1?3  16  1  6  0 0.979 0.5 1.000  2  1 0.895  3  1 
  1/2   1   246   21218.9560   18589.5965   3 0?3   8  0  7  0 0.980 0.5 1.000  3  0 0.980  2  1 
  1/2   1   247   21292.4910   18663.1317   2 0?3   9  2  3  0 0.947 0.5 1.000  2  0 0.947  1  0 
  1/2   1   248   21333.0070   18703.6482   2 1?3  18  0  8  0 0.942 0.5 1.000  2  1 0.917  3  1 
  1/2   1   249   21341.7360   18712.3771   2 1?3  17  1  6  0 0.934 0.5 1.000  3  1 0.897  3  1 
  1/2   1   250   21409.6820   18780.3226   2 1?3  19  3  0  0 0.998 0.5 1.000  2  1 0.624  3  1 
  1/2   1   251   21438.3410   18808.9817   3 0?3   9  2  3  0 0.939 0.5 1.000  3  0 0.939  2  1 
  1/2   1   252   21442.8590   18813.4999   2 0?3  10  1  7  0 0.971 0.5 1.000  2  0 0.972  1  0 
  1/2   1   253   21492.8620   18863.5032   2 0?3  11  3  1  0 0.930 0.5 1.000  2  0 0.930  1  0 
  1/2   1   254   21604.6160   18975.2569   2 1?3  20  0  8  0 0.984 0.5 1.000  3  1 0.918  3  1 
  1/2   1   255   21631.9360   19002.5763   3 0?3  10  3  1  0 0.930 0.5 1.000  3  0 0.930  2  1 
  1/2   1   256   21681.2650   19051.9062   3 0?3  11  1  7  0 0.974 0.5 1.000  3  0 0.974  2  1 
  1/2   1   257   21683.8960   19054.5368   2 1?3  21  3  2  0 0.922 0.5 1.000  2  1 0.761  3  1 
  1/2   1   258   21695.4360   19066.0769   2 0?3  12  0  9  0 0.982 0.5 1.000  2  0 0.982  1  0 
  1/2   1   259   21733.1640   19103.8052   2 1?3  22  2  4  0 0.937 0.5 1.000  2  1 0.820  3  1 
  1/2   1   260   21789.0140   19159.6546   2 1?3  23  1  8  0 0.971 0.5 1.000  2  1 0.912  3  1 
  1/2   1   261   21813.6350   19184.2755   2 1?3  24  3  0  0 0.904 0.5 1.000  3  1 0.790  3  1 
  1/2   1   262   21898.6530   19269.2936   2 0?3  13  3  5  0 0.952 0.5 1.000  2  0 0.952  1  0 
  1/2   1   263   21910.6360   19281.2764   2 1?3  25  2  4  0 0.967 0.5 1.000  3  1 0.853  3  1 
  1/2   1   264   21976.0360   19346.6768   3 0?3  12  0  9  0 0.984 0.5 1.000  3  0 0.984  2  1 
  1/2   1   265   22047.0470   19417.6882   2 1?3  26  1  8  0 0.982 0.5 1.000  3  1 0.914  3  1 
  1/2   1   266   22063.8250   19434.4659   3 0?3  13  3  5  0 0.951 0.5 1.000  3  0 0.951  2  1 
  1/2   1   267   22071.7580   19442.3984   2 1?3  27  0 10  0 0.988 0.5 1.000  2  1 0.928  3  1 
  1/2   1   268   22136.7600   19507.4008   2 1?3  28  3  2  0 0.958 0.5 1.000  2  1 0.835  3  1 
  1/2   1   269   22140.0190   19510.6594   2 0?3  14  1  9  0 0.971 0.5 1.000  2  0 0.980  1  0 
  1/2   1   270   22144.8530   19515.4939   2 0?3  15  2  5  0 0.968 0.5 1.000  2  0 0.977  1  0 
  1/2   1   271   22308.9260   19679.5672   2 1?3  29  3  2  0 0.955 0.5 1.000  3  1 0.851  3  1 
  1/2   1   272   22340.0740   19710.7153   2 1?3  31  0  0  1 0.997 0.5 1.000  2  1 0.515  3  1 
  1/2   1   273   22347.5720   19718.2125   3 0?3  14  2  5  0 0.973 0.5 1.000  3  0 0.973  2  1 
  1/2   1   274   22371.7630   19742.4034   2 1?3  30  0 10  0 0.986 0.5 1.000  3  1 0.930  3  1 
  1/2   1   275   22393.3140   19763.9553   2 0?3  16  3  7  0 0.962 0.5 1.000  2  0 0.962  1  0 
  1/2   1   276   22407.1270   19777.7679   3 0?3  15  1  9  0 0.980 0.5 1.000  3  0 0.980  2  1 
  1/2   1   277   22450.3840   19821.0248   2 0?3  17  0 11  0 0.988 0.5 1.000  2  0 0.988  1  0 
  1/2   1   278   22510.1040   19880.7444   2 1?3  32  1 10  0 0.986 0.5 1.000  2  1 0.926  3  1 
  1/2   1   279   22560.1120   19930.7529   2 1?3  33  2  6  0 0.982 0.5 1.000  2  1 0.899  3  1 
  1/2   1   280   22584.5670   19955.2077   3 0?3  16  3  7  0 0.964 0.5 1.000  3  0 0.964  2  1 
  1/2   1   281   22674.2120   20044.8528   2 1?3  34  3  6  0 0.969 0.5 1.000  2  1 0.879  3  1 
  1/2   1   282   22715.6720   20086.3131   2 0?3  18  0  1  1 0.855 0.5 1.000  2  0 0.855  1  0 
  1/2   1   283   22754.2810   20124.9217   3 0?3  17  0 11  0 0.986 0.5 1.000  3  0 0.986  2  1 
  1/2   1   284   22792.4370   20163.0775   2 1?3  35  1 10  0 0.983 0.5 1.000  3  1 0.925  3  1 
  1/2   1   285   22797.0130   20167.6534   2 1?3  36  2  6  0 0.978 0.5 1.000  3  1 0.897  3  1 
  1/2   1   286   22810.9580   20181.5986   3 0?3  18  0  1  1 0.854 0.5 1.000  3  0 0.854  2  1 
  1/2   1   287   22843.9780   20214.6186   2 1?3  37  0 12  0 0.989 0.5 1.000  2  1 0.938  3  1 
  1/2   1   288   22881.7500   20252.3910   2 0?3  19  1 11  0 0.985 0.5 1.000  2  0 0.985  1  0 
  1/2   1   289   22882.8460   20253.4867   2 1?3  38  3  8  0 0.971 0.5 1.000  3  1 0.890  3  1 
  1/2   1   290   22935.8780   20306.5193   2 0?3  20  2  7  0 0.976 0.5 1.000  2  0 0.976  1  0 
  1/2   1   291   23007.7380   20378.3791   2 0?3  21  2  7  0 0.979 0.5 1.000  2  0 0.980  1  0 
  1/2   1   292   23085.8850   20456.5260   2 1?3  39  0  2  1 0.944 0.5 1.000  2  1 0.759  3  1 
  1/2   1   293   23143.6230   20514.2643   3 0?3  19  3  9  0 0.971 0.5 1.000  3  0 0.972  2  1 
  1/2   1   294   23162.3170   20532.9583   2 1?3  40  0 12  0 0.986 0.5 1.000  3  1 0.937  3  1 
  1/2   1   295   23180.1640   20550.8044   3 0?3  20  1 11  0 0.981 0.5 1.000  3  0 0.982  2  1 
  1/2   1   296   23212.3390   20582.9801   2 1?3  43  1  0  1 0.749 0.5 1.000  3  1 0.506  3  1 
  1/2   1   297   23223.8310   20594.4718   2 1?3  41  0  2  1 0.711 0.5 1.000  3  1 0.721  3  1 
  1/2   1   298   23238.5970   20609.2378   2 1?3  42  3 10  0 0.969 0.5 1.000  2  1 0.906  3  1 
  1/2   1   299   23239.5120   20610.1524   2 0?3  22  0 13  0 0.988 0.5 1.000  2  0 0.988  1  0 
  1/2   1   300   23263.7840   20634.4245   3 0?3  21  2  7  0 0.982 0.5 1.000  3  0 0.982  2  1 
  1/2   1   301   23289.8040   20660.4450   2 1?3  44  1 12  0 0.984 0.5 1.000  2  1 0.926  3  1 
  1/2   1   302   23418.9620   20789.6028   2 1?3  45  2  8  0 0.984 0.5 1.000  2  1 0.926  3  1 
  1/2   1   303   23445.7150   20816.3559   2 0?3  23  0  3  1 0.928 0.5 1.000  2  0 0.930  1  0 
  1/2   1   304   23467.3960   20838.0370   2 1?3  46  3 10  0 0.968 0.5 1.000  3  1 0.899  3  1 
  1/2   1   305   23488.5290   20859.1699   2 0?3  24  1  1  1 0.879 0.5 1.000  2  0 0.884  1  0 
  1/2   1   306   23558.1150   20928.7560   3 0?3  22  0 13  0 0.937 0.5 1.000  3  0 0.938  2  1 
  1/2   1   307   23564.5180   20935.1589   2 0?3  25  3 11  0 0.924 0.5 1.000  2  0 0.925  1  0 
  1/2   1   308   23569.8950   20940.5361   3 0?3  23  1  1  1 0.875 0.5 1.000  3  0 0.879  2  1 
  1/2   1   309   23586.4330   20957.0738   2 1?3  47  1 12  0 0.987 0.5 1.000  3  1 0.934  3  1 
  1/2   1   310   23616.2110   20986.8523   3 0?3  24  0  3  1 0.933 0.5 1.000  3  0 0.934  2  1 
  1/2   1   311   23654.0030   21024.6434   2 1?3  48  0 14  0 1.000 0.5 1.000  2  1 0.958  3  1 
  1/2   1   312   23684.6620   21055.3027   2 0?3  26  1 13  0 0.997 0.5 1.000  2  0 0.997  1  0 
  1/2   1   313   23716.6700   21087.3104   2 1?3  49  2  8  0 0.988 0.5 1.000  3  1 0.927  3  1 
  1/2   1   314   23736.1860   21106.8272   2 1?3  50  1  2  1 0.872 0.5 1.000  2  1 0.638  3  1 
  1/2   1   315   23762.5600   21133.2006   2 1?3  51  2  0  1 0.857 0.5 1.000  2  1 0.670  3  1 
  1/2   1   316   23789.3720   21160.0127   3 0?3  25  3 11  0 0.971 0.5 1.000  3  0 0.971  2  1 
  1/2   1   317   23820.4910   21191.1315   2 1?3  52  0  4  1 0.921 0.5 1.000  2  1 0.860  3  1 
  1/2   1   318   23835.7810   21206.4221   2 0?3  27  2  9  0 0.999 0.5 1.000  2  0 0.999  1  0 
  1/2   1   319   23842.9660   21213.6066   2 0?3  28  2  9  0 0.999 0.5 1.000  2  0 0.999  1  0 
  1/2   1   320   23853.9330   21224.5734   2 1?3  53  1  0  1 0.765 0.5 1.000  2  1 0.873  3  1 
  1/2   1   321   23892.0490   21262.6898   2 1?3  54  1  2  1 0.763 0.5 1.000  3  1 0.780  3  1 
  1/2   1   322   23904.5160   21275.1572   2 1?3  55  3 12  0 1.000 0.5 1.000  2  1 0.935  3  1 
  3/2  -1   323    2595.4580     -33.9010   1 0?3   1  0  0  0 1.000 0.5 1.000  1  0 1.000  1  1 
  3/2  -1   324    2941.9300     312.5709   1 1?3   1  0  1  0 1.000 1.5 0.750  1  1 1.000  2  1 
  3/2  -1   325    2943.2670     313.9082   1 1?3   1  0  1  0 1.000 0.5 0.750  1  1 1.000  3  2 
  3/2  -1   326    3273.0080     643.6493   1 0?3   2  0  2  0 0.999 0.5 1.000  1  0 0.999  1  1 
  3/2  -1   327    3300.2470     670.8881   1 2?3   1  0  2  0 0.999 1.5 1.000  1  2 0.999  4  2 
  3/2  -1   328    3572.3350     942.9758   1 0?3   3  1  0  0 1.000 0.5 1.000  1  0 1.000  1  1 
  3/2  -1   329    3614.6720     985.3133   1 1?3   2  0  3  0 0.999 1.5 0.749  1  1 0.999  2  1 
  3/2  -1   330    3616.0190     986.6600   1 1?3   2  0  3  0 0.999 0.5 0.749  1  1 0.999  3  2 
  3/2  -1   331    3783.7930    1154.4343   1 0?3   4  2  0  0 1.000 0.5 1.000  1  0 1.000  1  1 
  3/2  -1   332    3831.4370    1202.0779   1 1?3   3  1  1  0 0.999 1.5 0.750  1  1 0.999  2  1 
  3/2  -1   333    3832.6570    1203.2974   1 1?3   3  1  1  0 1.000 0.5 0.750  1  1 1.000  3  2 
  3/2  -1   334    3941.2940    1311.9353   1 0?3   5  0  4  0 0.999 0.5 0.999  1  0 0.999  1  1 
  3/2  -1   335    3969.3250    1339.9659   1 2?3   2  0  4  0 0.999 1.5 0.999  1  2 0.999  4  2 
  3/2  -1   336    4091.3440    1461.9846   1 0?3   6  2  2  0 0.999 0.5 0.999  1  0 0.999  1  1 
  3/2  -1   337    4104.3780    1475.0193   1 2?3   3  2  2  0 0.999 1.5 0.999  1  2 0.999  4  2 
  3/2  -1   338    4213.2030    1583.8439   1 1?3   4  1  1  0 1.000 1.5 0.750  1  1 1.000  2  1 
  3/2  -1   339    4214.6920    1585.3325   1 1?3   4  1  1  0 1.000 0.5 0.750  1  1 1.000  3  2 
  3/2  -1   340    4279.5350    1650.1756   1 1?3   5  0  5  0 0.999 1.5 0.749  1  1 0.999  2  1 
  3/2  -1   341    4280.8790    1651.5199   1 1?3   5  0  5  0 0.999 0.5 0.749  1  1 0.999  3  2 
  3/2  -1   342    4369.8690    1740.5102   1 1?3   6  2  3  0 0.999 1.5 0.749  1  1 0.999  2  1 
  3/2  -1   343    4371.1050    1741.7459   1 1?3   6  2  3  0 0.999 0.5 0.749  1  1 0.999  3  2 
  3/2  -1   344    4597.9160    1968.5571   1 0?3   7  0  6  0 0.999 0.5 0.999  1  0 0.999  1  1 
  3/2  -1   345    4624.9600    1995.6012   1 2?3   4  0  6  0 0.999 1.5 0.999  1  2 0.999  4  2 
  3/2  -1   346    4626.7150    1997.3561   1 0?3   8  1  2  0 0.999 0.5 0.999  1  0 0.999  1  1 
  3/2  -1   347    4656.6850    2027.3256   1 2?3   5  1  2  0 0.999 1.5 0.999  1  2 0.999  4  2 
  3/2  -1   348    4664.9920    2035.6323   1 0?3   9  2  4  0 0.999 0.5 0.999  1  0 0.999  1  1 
  3/2  -1   349    4684.3590    2054.9999   1 2?3   6  2  2  0 0.999 1.5 0.999  1  2 0.999  4  2 
  3/2  -1   350    4919.2550    2289.8960   1 1?3   7  2  5  0 0.999 1.5 0.749  1  1 0.999  2  1 
  3/2  -1   351    4920.5220    2291.1627   1 1?3   7  2  5  0 0.999 0.5 0.749  1  1 0.999  3  2 
  3/2  -1   352    4973.5010    2344.1418   1 1?3   8  0  7  0 0.999 1.5 0.749  1  1 0.999  2  1 
  3/2  -1   353    4974.8410    2345.4818   1 1?3   8  0  7  0 0.999 0.5 0.749  1  1 0.999  3  2 
  3/2  -1   354    5066.6620    2437.3032   1 1?3   9  1  3  0 0.999 1.5 0.749  1  1 0.999  2  1 
  3/2  -1   355    5068.1690    2438.8094   1 1?3   9  1  3  0 0.999 0.5 0.749  1  1 0.999  3  2 
  3/2  -1   356    5223.4430    2594.0842   1 0?3  10  2  6  0 0.999 0.5 0.999  1  0 0.999  1  1 
  3/2  -1   357    5245.5600    2616.2012   1 2?3   7  2  6  0 0.999 1.5 0.999  1  2 0.999  4  2 
  3/2  -1   358    5303.6930    2674.3337   1 0?3  11  0  8  0 0.998 0.5 0.999  1  0 0.998  1  1 
  3/2  -1   359    5330.7210    2701.3617   1 2?3   8  0  8  0 0.998 1.5 0.999  1  2 0.998  4  2 
  3/2  -1   360    5471.1770    2841.8182   1 0?3  12  1  4  0 0.999 0.5 0.999  1  0 0.999  1  1 
  3/2  -1   361    5502.2920    2872.9332   1 2?3   9  1  4  0 0.999 1.5 0.999  1  2 0.999  4  2 
  3/2  -1   362    5543.5630    2914.2041   1 1?3  10  2  7  0 0.999 1.5 0.749  1  1 0.999  2  1 
  3/2  -1   363    5544.8170    2915.4578   1 1?3  10  2  7  0 0.999 0.5 0.749  1  1 0.999  3  2 
  3/2  -1   364    5602.6490    2973.2900   1 0?3  13  3  0  0 1.000 0.5 1.000  1  0 1.000  1  1 
  3/2  -1   365    5655.2850    3025.9258   1 1?3  11  0  9  0 0.998 1.5 0.749  1  1 0.998  2  1 
  3/2  -1   366    5656.6520    3027.2924   1 1?3  11  0  9  0 0.998 0.5 0.749  1  1 0.998  3  2 
  3/2  -1   367    5724.2090    3094.8502   1 1?3  12  3  1  0 0.999 1.5 0.749  1  1 0.999  2  1 
  3/2  -1   368    5725.2920    3095.9331   1 1?3  12  3  1  0 0.999 0.5 0.750  1  1 0.999  3  2 
  3/2  -1   369    5861.2020    3231.8429   1 0?3  14  2  8  0 0.999 0.5 0.999  1  0 0.999  1  1 
  3/2  -1   370    5883.5350    3254.1756   1 1?3  13  1  5  0 0.999 1.5 0.749  1  1 0.999  2  1 
  3/2  -1   371    5883.5830    3254.2241   1 2?3  10  2  8  0 0.997 1.5 0.998  1  2 0.997  4  2 
  3/2  -1   372    5885.0630    3255.7041   1 1?3  13  1  5  0 0.997 0.5 0.748  1  1 0.997  3  2 
  3/2  -1   373    5897.1280    3267.7690   1 2?3  11  3  2  0 0.999 1.5 0.999  1  2 0.999  4  2 
  3/2  -1   374    5923.1300    3293.7708   1 0?3  15  3  2  0 0.999 0.5 0.999  1  0 0.999  1  1 
  3/2  -1   375    6001.2510    3371.8922   1 0?3  16  0 10  0 0.998 0.5 0.999  1  0 0.998  1  1 
  3/2  -1   376    6029.4690    3400.1093   1 2?3  12  0 10  0 0.998 1.5 0.999  1  2 0.998  4  2 
  3/2  -1   377    6125.9060    3496.5465   1 1?3  14  3  5  0 0.999 1.5 0.749  1  1 0.999  2  1 
  3/2  -1   378    6127.0010    3497.6414   1 1?3  14  3  5  0 0.999 0.5 0.749  1  1 0.999  3  2 
  3/2  -1   379    6199.2490    3569.8902   1 1?3  15  2  9  0 0.998 1.5 0.749  1  1 0.998  2  1 
  3/2  -1   380    6200.5130    3571.1538   1 1?3  15  2  9  0 0.998 0.5 0.749  1  1 0.998  3  2 
  3/2  -1   381    6270.8750    3641.5162   1 0?3  17  1  6  0 0.999 0.5 0.999  1  0 0.999  1  1 
  3/2  -1   382    6300.6720    3671.3133   1 2?3  13  1  6  0 0.999 1.5 0.999  1  2 0.999  4  2 
  3/2  -1   383    6361.7010    3732.3415   1 2?3  14  3  4  0 0.999 1.5 0.999  1  2 0.999  4  2 
  3/2  -1   384    6362.6620    3733.3029   1 0?3  18  3  6  0 0.999 0.5 0.999  1  0 0.999  1  1 
  3/2  -1   385    6368.2600    3738.9006   1 1?3  16  0 11  0 0.998 1.5 0.749  1  1 0.998  2  1 
  3/2  -1   386    6369.6340    3740.2746   1 1?3  16  0 11  0 0.998 0.5 0.749  1  1 0.998  3  2 
  3/2  -1   387    6491.5950    3862.2361   1 0?3  19  0  0  1 1.000 0.5 1.000  1  0 1.000  1  1 
  3/2  -1   388    6534.8000    3905.4412   1 0?3  20  2 10  0 0.998 0.5 0.999  1  0 0.998  1  1 
  3/2  -1   389    6558.6830    3929.3234   1 2?3  15  2 10  0 0.998 1.5 0.999  1  2 0.998  4  2 
  3/2  -1   390    6596.0980    3966.7385   1 1?3  17  3  7  0 0.999 1.5 0.749  1  1 0.999  2  1 
  3/2  -1   391    6597.2350    3967.8758   1 1?3  17  3  7  0 0.999 0.5 0.749  1  1 0.999  3  2 
  3/2  -1   392    6686.6740    4057.3144   1 1?3  18  1  7  0 0.998 1.5 0.749  1  1 0.998  2  1 
  3/2  -1   393    6688.1820    4058.8232   1 1?3  18  1  7  0 0.998 0.5 0.749  1  1 0.998  3  2 
  3/2  -1   394    6729.7260    4100.3664   1 0?3  21  0 12  0 0.998 0.5 0.999  1  0 0.998  1  1 
  3/2  -1   395    6758.5320    4129.1733   1 2?3  16  0 12  0 0.998 1.5 0.999  1  2 0.998  4  2 
  3/2  -1   396    6862.9820    4233.6233   1 0?3  22  3  8  0 0.999 0.5 0.999  1  0 0.999  1  1 
  3/2  -1   397    6869.8010    4240.4419   1 1?3  19  0  1  1 1.000 1.5 0.750  1  1 1.000  2  1 
  3/2  -1   398    6870.6720    4241.3127   1 2?3  17  3  8  0 0.995 1.5 0.996  1  2 0.995  4  2 
  3/2  -1   399    6871.1420    4241.7828   1 1?3  19  0  1  1 0.996 0.5 0.747  1  1 0.996  3  2 
  3/2  -1   400    6890.8130    4261.4538   1 1?3  20  2 11  0 0.998 1.5 0.749  1  1 0.998  2  1 
  3/2  -1   401    6892.0890    4262.7295   1 1?3  20  2 11  0 0.998 0.5 0.749  1  1 0.998  3  2 
  3/2  -1   402    7066.0530    4436.6939   1 0?3  23  1  8  0 0.998 0.5 0.999  1  0 0.998  1  1 
  3/2  -1   403    7097.0310    4467.6714   1 2?3  18  1  8  0 0.998 1.5 0.999  1  2 0.998  4  2 
  3/2  -1   404    7113.1400    4483.7809   1 1?3  21  0 13  0 0.998 1.5 0.749  1  1 0.998  2  1 
  3/2  -1   405    7114.5170    4485.1582   1 1?3  21  0 13  0 0.998 0.5 0.749  1  1 0.998  3  2 
  3/2  -1   406    7144.9890    4515.6294   1 1?3  22  3  9  0 0.999 1.5 0.749  1  1 0.999  2  1 
  3/2  -1   407    7146.1070    4516.7474   1 1?3  22  3  9  0 0.999 0.5 0.749  1  1 0.999  3  2 
  3/2  -1   408    7228.9360    4599.5766   1 0?3  24  0  2  1 0.999 0.5 1.000  1  0 0.999  1  1 
  3/2  -1   409    7244.0210    4614.6614   1 0?3  25  2 12  0 0.998 0.5 0.999  1  0 0.998  1  1 
  3/2  -1   410    7259.1940    4629.8345   1 2?3  19  0  2  1 0.999 1.5 1.000  1  2 0.999  4  2 
  3/2  -1   411    7268.9810    4639.6222   1 2?3  20  2 12  0 0.998 1.5 0.999  1  2 0.998  4  2 
  3/2  -1   412    7436.2480    4806.8886   1 0?3  26  3 10  0 0.999 0.5 0.999  1  0 0.999  1  1 
  3/2  -1   413    7449.3030    4819.9443   1 2?3  21  3 10  0 0.999 1.5 0.999  1  2 0.999  4  2 
  3/2  -1   414    7456.8340    4827.4751   1 0?3  27  1  0  1 1.000 0.5 1.000  1  0 1.000  1  1 
  3/2  -1   415    7461.4130    4832.0534   1 1?3  23  1  9  0 0.999 1.5 0.749  1  1 0.999  2  1 
  3/2  -1   416    7463.0260    4833.6666   1 1?3  23  1  9  0 0.998 0.5 0.749  1  1 0.998  3  2 
  3/2  -1   417    7492.0690    4862.7097   1 0?3  28  0 14  0 0.999 0.5 0.999  1  0 0.999  1  1 
  3/2  -1   418    7521.3320    4891.9732   1 2?3  22  0 14  0 0.999 1.5 0.999  1  2 0.999  4  2 
  3/2  -1   419    7597.4090    4968.0501   1 1?3  24  0  3  1 1.000 1.5 0.750  1  1 1.000  2  1 
  3/2  -1   420    7598.8220    4969.4624   1 1?3  24  0  3  1 1.000 0.5 0.750  1  1 1.000  3  2 
  3/2  -1   421    7617.1320    4987.7729   1 1?3  25  2 13  0 0.999 1.5 0.749  1  1 0.999  2  1 
  3/2  -1   422    7618.4480    4989.0888   1 1?3  25  2 13  0 0.999 0.5 0.749  1  1 0.999  3  2 
  3/2   1   423    2596.7900     -32.5692   1 0?3   1  0  0  0 0.999 0.5 1.000  1  0 0.999  1  2 
  3/2   1   424    2941.9310     312.5720   1 1?3   1  0  1  0 1.000 1.5 0.750  1  1 1.000  2  1 
  3/2   1   425    2943.2640     313.9048   1 1?3   1  0  1  0 0.998 0.5 0.750  1  1 0.998  3  2 
  3/2   1   426    3274.3470     644.9878   1 0?3   2  0  2  0 0.998 0.5 1.000  1  0 0.998  1  2 
  3/2   1   427    3300.2470     670.8881   1 2?3   1  0  2  0 0.999 1.5 1.000  1  2 0.999  4  2 
  3/2   1   428    3573.5840     944.2248   1 0?3   3  1  0  0 0.999 0.5 1.000  1  0 0.999  1  2 
  3/2   1   429    3614.6730     985.3140   1 1?3   2  0  3  0 1.000 1.5 0.750  1  1 1.000  2  1 
  3/2   1   430    3616.0170     986.6579   1 1?3   2  0  3  0 0.997 0.5 0.750  1  1 0.997  3  2 
  3/2   1   431    3785.2410    1155.8816   1 0?3   4  2  0  0 0.999 0.5 1.000  1  0 0.999  1  2 
  3/2   1   432    3831.4370    1202.0773   1 1?3   3  1  1  0 1.000 1.5 0.750  1  1 1.000  2  1 
  3/2   1   433    3832.6580    1203.2991   1 1?3   3  1  1  0 0.998 0.5 0.750  1  1 0.998  3  2 
  3/2   1   434    3942.6410    1313.2820   1 0?3   5  0  4  0 0.997 0.5 0.999  1  0 0.997  1  2 
  3/2   1   435    3969.3250    1339.9659   1 2?3   2  0  4  0 0.999 1.5 0.999  1  2 0.999  4  2 
  3/2   1   436    4092.5710    1463.2115   1 0?3   6  2  2  0 0.998 0.5 0.999  1  0 0.998  1  2 
  3/2   1   437    4104.3780    1475.0193   1 2?3   3  2  2  0 0.999 1.5 0.999  1  2 0.999  4  2 
  3/2   1   438    4213.2010    1583.8421   1 1?3   4  1  1  0 1.000 1.5 0.750  1  1 1.000  2  1 
  3/2   1   439    4214.6970    1585.3379   1 1?3   4  1  1  0 0.998 0.5 0.750  1  1 0.998  3  2 
  3/2   1   440    4279.5320    1650.1726   1 1?3   5  0  5  0 1.000 1.5 0.750  1  1 1.000  2  1 
  3/2   1   441    4280.8880    1651.5288   1 1?3   5  0  5  0 0.995 0.5 0.750  1  1 0.995  3  2 
  3/2   1   442    4369.8660    1740.5071   1 1?3   6  2  3  0 1.000 1.5 0.750  1  1 1.000  2  1 
  3/2   1   443    4371.1140    1741.7553   1 1?3   6  2  3  0 0.997 0.5 0.750  1  1 0.997  3  2 
  3/2   1   444    4599.2440    1969.8847   1 0?3   7  0  6  0 0.996 0.5 0.999  1  0 0.996  1  2 
  3/2   1   445    4624.9600    1995.6012   1 2?3   4  0  6  0 0.999 1.5 0.999  1  2 0.999  4  2 
  3/2   1   446    4628.1690    1998.8101   1 0?3   8  1  2  0 0.997 0.5 0.999  1  0 0.997  1  2 
  3/2   1   447    4656.6850    2027.3256   1 2?3   5  1  2  0 0.999 1.5 0.999  1  2 0.999  4  2 
  3/2   1   448    4666.3200    2036.9610   1 0?3   9  2  4  0 0.997 0.5 0.999  1  0 0.997  1  2 
  3/2   1   449    4684.3590    2054.9999   1 2?3   6  2  2  0 0.999 1.5 0.999  1  2 0.999  4  2 
  3/2   1   450    4919.2520    2289.8932   1 1?3   7  2  5  0 1.000 1.5 0.750  1  1 1.000  2  1 
  3/2   1   451    4920.5300    2291.1710   1 1?3   7  2  5  0 0.995 0.5 0.750  1  1 0.995  3  2 
  3/2   1   452    4973.4980    2344.1391   1 1?3   8  0  7  0 1.000 1.5 0.750  1  1 1.000  2  1 
  3/2   1   453    4974.8490    2345.4899   1 1?3   8  0  7  0 0.995 0.5 0.750  1  1 0.995  3  2 
  3/2   1   454    5066.6590    2437.3002   1 1?3   9  1  3  0 1.000 1.5 0.750  1  1 1.000  2  1 
  3/2   1   455    5068.1780    2438.8185   1 1?3   9  1  3  0 0.997 0.5 0.750  1  1 0.997  3  2 
  3/2   1   456    5224.7020    2595.3430   1 0?3  10  2  6  0 0.996 0.5 0.999  1  0 0.996  1  2 
  3/2   1   457    5245.5600    2616.2012   1 2?3   7  2  6  0 0.999 1.5 0.999  1  2 0.999  4  2 
  3/2   1   458    5305.0560    2675.6965   1 0?3  11  0  8  0 0.995 0.5 0.999  1  0 0.995  1  2 
  3/2   1   459    5330.7210    2701.3617   1 2?3   8  0  8  0 0.998 1.5 0.999  1  2 0.998  4  2 
  3/2   1   460    5472.7030    2843.3442   1 0?3  12  1  4  0 0.997 0.5 0.999  1  0 0.997  1  2 
  3/2   1   461    5502.2920    2872.9332   1 2?3   9  1  4  0 0.999 1.5 0.999  1  2 0.999  4  2 
  3/2   1   462    5543.5610    2914.2015   1 1?3  10  2  7  0 1.000 1.5 0.750  1  1 1.000  2  1 
  3/2   1   463    5544.8250    2915.4655   1 1?3  10  2  7  0 0.994 0.5 0.750  1  1 0.994  3  2 
  3/2   1   464    5603.7300    2974.3709   1 0?3  13  3  0  0 0.999 0.5 1.000  1  0 0.999  1  2 
  3/2   1   465    5655.2840    3025.9244   1 1?3  11  0  9  0 1.000 1.5 0.750  1  1 1.000  2  1 
  3/2   1   466    5656.6560    3027.2969   1 1?3  11  0  9  0 0.993 0.5 0.750  1  1 0.993  3  2 
  3/2   1   467    5724.2060    3094.8470   1 1?3  12  3  1  0 1.000 1.5 0.750  1  1 1.000  2  1 
  3/2   1   468    5725.3020    3095.9426   1 1?3  12  3  1  0 0.997 0.5 0.750  1  1 0.997  3  2 
  3/2   1   469    5862.4640    3233.1051   1 0?3  14  2  8  0 0.996 0.5 0.999  1  0 0.996  1  2 
  3/2   1   470    5883.5310    3254.1722   1 1?3  13  1  5  0 1.000 1.5 0.750  1  1 1.000  2  1 
  3/2   1   471    5883.5830    3254.2241   1 2?3  10  2  8  0 0.997 1.5 0.998  1  2 0.997  4  2 
  3/2   1   472    5885.0730    3255.7143   1 1?3  13  1  5  0 0.994 0.5 0.749  1  1 0.994  3  2 
  3/2   1   473    5897.1280    3267.7690   1 2?3  11  3  2  0 0.999 1.5 0.999  1  2 0.999  4  2 
  3/2   1   474    5924.2230    3294.8643   1 0?3  15  3  2  0 0.998 0.5 0.999  1  0 0.998  1  2 
  3/2   1   475    6002.6240    3373.2650   1 0?3  16  0 10  0 0.995 0.5 0.999  1  0 0.995  1  2 
  3/2   1   476    6029.4690    3400.1093   1 2?3  12  0 10  0 0.998 1.5 0.999  1  2 0.998  4  2 
  3/2   1   477    6125.9030    3496.5433   1 1?3  14  3  5  0 1.000 1.5 0.750  1  1 1.000  2  1 
  3/2   1   478    6127.0100    3497.6509   1 1?3  14  3  5  0 0.997 0.5 0.750  1  1 0.997  3  2 
  3/2   1   479    6199.2470    3569.8882   1 1?3  15  2  9  0 1.000 1.5 0.750  1  1 1.000  2  1 
  3/2   1   480    6200.5190    3571.1595   1 1?3  15  2  9  0 0.994 0.5 0.750  1  1 0.994  3  2 
  3/2   1   481    6272.3890    3643.0299   1 0?3  17  1  6  0 0.996 0.5 0.999  1  0 0.996  1  2 
  3/2   1   482    6300.6720    3671.3133   1 2?3  13  1  6  0 0.999 1.5 0.999  1  2 0.999  4  2 
  3/2   1   483    6361.7010    3732.3414   1 2?3  14  3  4  0 0.999 1.5 0.999  1  2 0.999  4  2 
  3/2   1   484    6363.7960    3734.4366   1 0?3  18  3  6  0 0.997 0.5 0.999  1  0 0.997  1  2 
  3/2   1   485    6368.2600    3738.9005   1 1?3  16  0 11  0 1.000 1.5 0.750  1  1 1.000  2  1 
  3/2   1   486    6369.6340    3740.2750   1 1?3  16  0 11  0 0.993 0.5 0.750  1  1 0.993  3  2 
  3/2   1   487    6492.9350    3863.5760   1 0?3  19  0  0  1 0.999 0.5 1.000  1  0 0.999  1  2 
  3/2   1   488    6536.0740    3906.7144   1 0?3  20  2 10  0 0.995 0.5 0.999  1  0 0.995  1  2 
  3/2   1   489    6558.6830    3929.3234   1 2?3  15  2 10  0 0.998 1.5 0.999  1  2 0.998  4  2 
  3/2   1   490    6596.0940    3966.7349   1 1?3  17  3  7  0 1.000 1.5 0.750  1  1 1.000  2  1 
  3/2   1   491    6597.2460    3967.8866   1 1?3  17  3  7  0 0.996 0.5 0.750  1  1 0.996  3  2 
  3/2   1   492    6686.6690    4057.3096   1 1?3  18  1  7  0 1.000 1.5 0.750  1  1 1.000  2  1 
  3/2   1   493    6688.1970    4058.8380   1 1?3  18  1  7  0 0.994 0.5 0.750  1  1 0.994  3  2 
  3/2   1   494    6731.1070    4101.7483   1 0?3  21  0 12  0 0.994 0.5 0.999  1  0 0.994  1  2 
  3/2   1   495    6758.5330    4129.1733   1 2?3  16  0 12  0 0.998 1.5 0.999  1  2 0.998  4  2 
  3/2   1   496    6864.1030    4234.7437   1 0?3  22  3  8  0 0.997 0.5 0.999  1  0 0.997  1  2 
  3/2   1   497    6869.7960    4240.4368   1 1?3  19  0  1  1 1.000 1.5 0.750  1  1 1.000  2  1 
  3/2   1   498    6870.6720    4241.3128   1 2?3  17  3  8  0 0.995 1.5 0.996  1  2 0.995  4  2 
  3/2   1   499    6871.1580    4241.7984   1 1?3  19  0  1  1 0.995 0.5 0.747  1  1 0.995  3  2 
  3/2   1   500    6890.8090    4261.4502   1 1?3  20  2 11  0 1.000 1.5 0.750  1  1 1.000  2  1 
  3/2   1   501    6892.1000    4262.7405   1 1?3  20  2 11  0 0.993 0.5 0.750  1  1 0.993  3  2 
  3/2   1   502    7067.6100    4438.2513   1 0?3  23  1  8  0 0.995 0.5 0.999  1  0 0.995  1  2 
  3/2   1   503    7097.0310    4467.6718   1 2?3  18  1  8  0 0.998 1.5 0.999  1  2 0.998  4  2 
  3/2   1   504    7113.1370    4483.7782   1 1?3  21  0 13  0 1.000 1.5 0.750  1  1 1.000  2  1 
  3/2   1   505    7114.5270    4485.1683   1 1?3  21  0 13  0 0.992 0.5 0.750  1  1 0.992  3  2 
  3/2   1   506    7144.9840    4515.6246   1 1?3  22  3  9  0 1.000 1.5 0.750  1  1 1.000  2  1 
  3/2   1   507    7146.1220    4516.7624   1 1?3  22  3  9  0 0.995 0.5 0.750  1  1 0.995  3  2 
  3/2   1   508    7230.2940    4600.9346   1 0?3  24  0  2  1 0.998 0.5 1.000  1  0 0.998  1  2 
  3/2   1   509    7245.3180    4615.9592   1 0?3  25  2 12  0 0.995 0.5 0.999  1  0 0.995  1  2 
  3/2   1   510    7259.1940    4629.8346   1 2?3  19  0  2  1 0.999 1.5 1.000  1  2 0.999  4  2 
  3/2   1   511    7268.9820    4639.6225   1 2?3  20  2 12  0 0.998 1.5 0.999  1  2 0.998  4  2 
  3/2   1   512    7437.7790    4808.4194   1 0?3  26  3 10  0 0.997 0.5 0.999  1  0 0.997  1  2 
  3/2   1   513    7449.3130    4819.9537   1 2?3  21  3 10  0 0.998 1.5 0.998  1  2 0.998  4  2 
  3/2   1   514    7458.2210    4828.8618   1 0?3  27  1  0  1 1.000 0.5 1.000  1  0 1.000  1  2 
  3/2   1   515    7461.0360    4831.6770   1 1?3  23  1  9  0 1.000 1.5 0.750  1  1 1.000  2  1 
  3/2   1   516    7464.1530    4834.7933   1 1?3  23  1  9  0 0.995 0.5 0.750  1  1 0.995  3  2 
  3/2   1   517    7494.2640    4864.9046   1 0?3  28  0 14  0 0.996 0.5 0.999  1  0 0.996  1  2 
  3/2   1   518    7521.3490    4891.9902   1 2?3  22  0 14  0 0.998 1.5 0.999  1  2 0.998  4  2 
  3/2   1   519    7597.2590    4967.8996   1 1?3  24  0  3  1 1.000 1.5 0.750  1  1 1.000  2  1 
  3/2   1   520    7599.2730    4969.9134   1 1?3  24  0  3  1 0.999 0.5 0.750  1  1 0.999  3  2 
  3/2   1   521    7616.8040    4987.4448   1 1?3  25  2 13  0 1.000 1.5 0.750  1  1 1.000  2  1 
  3/2   1   522    7619.4310    4990.0714   1 1?3  25  2 13  0 0.997 0.5 0.750  1  1 0.997  3  2 
  3/2  -1   523   18578.9470   15949.5874   2 1?3   1  0  0  0 1.000 0.5 1.000  2  1 0.522  4  2 
  3/2  -1   524   18645.3640   16016.0051   2 1?3   1  0  0  0 1.000 1.5 1.000  2  1 0.527  3  1 
  3/2  -1   525   18915.8160   16286.4571   2 0?3   1  0  1  0 0.864 0.5 1.000  2  0 0.864  1  1 
  3/2  -1   526   18929.2320   16299.8727   2 2?3   1  0  1  0 1.000 1.5 1.000  2  2 0.543  5  2 
  3/2  -1   527   19013.8510   16384.4918   3 0?3   1  0  1  0 0.863 0.5 1.000  3  0 0.863  2  2 
  3/2  -1   528   19249.5220   16620.1627   2 1?3   2  0  2  0 0.943 0.5 0.998  2  1 0.768  4  2 
  3/2  -1   529   19264.2130   16634.8535   2 1?3   2  0  2  0 0.892 1.5 0.998  2  1 0.815  3  1 
  3/2  -1   530   19369.7740   16740.4146   2 1?3   3  0  2  0 0.892 1.5 0.999  3  1 0.815  3  1 
  3/2  -1   531   19385.8770   16756.5176   2 1?3   3  0  2  0 0.942 0.5 0.999  3  1 0.767  4  2 
  3/2  -1   532   19469.5900   16840.2311   2 1?3   4  1  0  0 0.999 0.5 1.000  2  1 0.538  4  2 
  3/2  -1   533   19537.1370   16907.7774   2 1?3   4  1  0  0 1.000 1.5 1.000  2  1 0.551  3  1 
  3/2  -1   534   19579.9190   16950.5597   2 0?3   2  0  3  0 0.948 0.5 0.999  2  0 0.948  1  1 
  3/2  -1   535   19596.3370   16966.9778   2 2?3   2  0  3  0 0.971 1.5 0.999  2  2 0.722  5  2 
  3/2  -1   536   19695.6630   17066.3043   2 0?3   3  1  1  0 0.884 0.5 1.000  2  0 0.885  1  1 
  3/2  -1   537   19711.9150   17082.5554   2 2?3   3  1  1  0 0.729 1.5 1.000  2  2 0.567  5  2 
  3/2  -1   538   19732.0290   17102.6694   3 0?3   2  0  3  0 0.937 0.5 0.999  3  0 0.938  2  2 
  3/2  -1   539   19770.3780   17141.0189   2 2?3   4  0  1  0 0.716 1.5 0.999  3  2 0.724  5  2 
  3/2  -1   540   19806.5380   17177.1789   3 0?3   3  1  1  0 0.892 0.5 1.000  3  0 0.893  2  2 
  3/2  -1   541   19902.0250   17272.6657   2 1?3   5  0  4  0 0.961 0.5 0.997  2  1 0.835  4  2 
  3/2  -1   542   19912.9720   17283.6128   2 1?3   5  0  4  0 0.944 1.5 0.997  2  1 0.859  3  1 
  3/2  -1   543   19959.9880   17330.6290   2 1?3   6  1  2  0 0.880 0.5 0.998  2  1 0.727  4  2 
  3/2  -1   544   19972.0920   17342.7327   2 1?3   6  1  2  0 0.882 1.5 0.998  2  1 0.797  3  1 
  3/2  -1   545   19985.3720   17356.0124   2 1?3   7  2  0  0 0.875 0.5 0.999  2  1 0.596  4  2 
  3/2  -1   546   20038.8170   17409.4574   2 1?3   7  2  0  0 0.824 1.5 1.000  3  1 0.569  3  1 
  3/2  -1   547   20062.8950   17433.5358   2 1?3   8  1  2  0 0.835 1.5 0.993  3  1 0.740  3  1 
  3/2  -1   548   20068.0510   17438.6922   2 1?3   8  1  2  0 0.922 0.5 0.993  3  1 0.808  4  2 
  3/2  -1   549   20118.1870   17488.8283   2 1?3   9  0  4  0 0.940 1.5 0.996  3  1 0.841  3  1 
  3/2  -1   550   20126.9900   17497.6310   2 1?3   9  0  4  0 0.957 0.5 0.996  3  1 0.839  4  2 
  3/2  -1   551   20195.0310   17565.6722   2 0?3   4  1  3  0 0.958 0.5 0.999  2  0 0.958  1  1 
  3/2  -1   552   20209.1050   17579.7457   2 2?3   5  1  3  0 0.966 1.5 0.999  2  2 0.751  5  2 
  3/2  -1   553   20282.4650   17653.1056   2 0?3   5  0  5  0 0.963 0.5 0.999  2  0 0.964  1  1 
  3/2  -1   554   20297.5120   17668.1527   2 2?3   6  0  5  0 0.964 1.5 0.999  2  2 0.787  5  2 
  3/2  -1   555   20363.8100   17734.4507   3 0?3   4  1  3  0 0.949 0.5 0.999  3  0 0.949  2  2 
  3/2  -1   556   20379.6280   17750.2693   2 2?3   7  1  3  0 0.952 1.5 0.999  3  2 0.749  5  2 
  3/2  -1   557   20426.8790   17797.5194   2 0?3   6  2  1  0 0.850 0.5 1.000  2  0 0.850  1  1 
  3/2  -1   558   20438.6780   17809.3187   2 2?3   8  2  1  0 0.993 1.5 1.000  2  2 0.531  5  2 
  3/2  -1   559   20479.6370   17850.2778   3 0?3   5  0  5  0 0.962 0.5 0.999  3  0 0.965  2  2 
  3/2  -1   560   20490.7330   17861.3737   2 1?3  10  1  4  0 0.968 0.5 0.995  2  1 0.863  4  2 
  3/2  -1   561   20498.2460   17868.8871   2 1?3  10  1  4  0 0.959 1.5 0.995  2  1 0.869  3  1 
  3/2  -1   562   20507.7570   17878.3973   2 2?3   9  0  5  0 0.972 1.5 0.999  3  2 0.802  5  2 
  3/2  -1   563   20519.9520   17890.5931   3 0?3   6  2  1  0 0.852 0.5 1.000  3  0 0.853  2  2 
  3/2  -1   564   20626.0860   17996.7272   2 1?3  11  0  6  0 0.972 0.5 0.993  2  1 0.891  4  2 
  3/2  -1   565   20633.0430   18003.6838   2 1?3  11  0  6  0 0.966 1.5 0.993  2  1 0.893  3  1 
  3/2  -1   566   20674.2760   18044.9168   2 1?3  12  1  4  0 0.953 1.5 0.995  3  1 0.861  3  1 
  3/2  -1   567   20682.1860   18052.8270   2 1?3  12  1  4  0 0.959 0.5 0.995  3  1 0.863  4  2 
  3/2  -1   568   20794.2220   18164.8626   2 0?3   7  1  5  0 0.971 0.5 0.999  2  0 0.971  1  1 
  3/2  -1   569   20807.3870   18178.0280   2 2?3  10  1  5  0 0.977 1.5 0.999  2  2 0.805  5  2 
  3/2  -1   570   20847.9790   18218.6202   2 1?3  13  0  6  0 0.974 1.5 0.995  3  1 0.911  3  1 
  3/2  -1   571   20856.9600   18227.6012   2 1?3  13  0  6  0 0.955 0.5 0.995  3  1 0.874  4  2 
  3/2  -1   572   20864.1590   18234.7996   2 1?3  14  2  2  0 0.923 0.5 0.998  2  1 0.736  4  2 
  3/2  -1   573   20880.5270   18251.1680   2 1?3  14  2  2  0 0.879 1.5 0.998  2  1 0.823  3  1 
  3/2  -1   574   20973.2060   18343.8473   2 0?3   8  0  7  0 0.973 0.5 0.999  2  0 0.973  1  1 
  3/2  -1   575   20977.8960   18348.5368   2 1?3  15  2  2  0 0.879 1.5 0.999  3  1 0.822  3  1 
  3/2  -1   576   20990.2610   18360.9019   2 2?3  11  0  7  0 0.811 1.5 0.999  2  2 0.841  5  2 
  3/2  -1   577   20996.0630   18366.7038   2 1?3  15  2  2  0 0.943 0.5 0.999  3  1 0.754  4  2 
  3/2  -1   578   21000.0800   18370.7209   3 0?3   7  1  5  0 0.961 0.5 0.999  3  0 0.962  2  2 
  3/2  -1   579   21020.4920   18391.1329   2 2?3  12  1  7  0 0.805 1.5 0.999  3  2 0.810  5  2 
  3/2  -1   580   21114.7180   18485.3592   2 1?3  16  1  6  0 0.977 0.5 0.994  2  1 0.894  4  2 
  3/2  -1   581   21121.6370   18492.2777   2 1?3  16  1  6  0 0.972 1.5 0.994  2  1 0.902  3  1 
  3/2  -1   582   21220.2880   18590.9285   3 0?3   8  0  7  0 0.978 0.5 0.999  3  0 0.978  2  2 
  3/2  -1   583   21250.0250   18620.6660   2 2?3  13  0  7  0 0.984 1.5 0.999  3  2 0.847  5  2 
  3/2  -1   584   21293.2900   18663.9312   2 0?3   9  2  3  0 0.947 0.5 0.999  2  0 0.947  1  1 
  3/2  -1   585   21310.1810   18680.8218   2 2?3  14  2  3  0 0.974 1.5 0.999  2  2 0.714  5  2 
  3/2  -1   586   21333.2240   18703.8649   2 1?3  17  1  6  0 0.864 1.5 0.917  3  1 0.713  3  1 
  3/2  -1   587   21334.0540   18704.6949   2 1?3  18  0  8  0 0.869 0.5 0.916  2  1 0.849  4  2 
  3/2  -1   588   21342.1380   18712.7793   2 1?3  18  0  8  0 0.834 1.5 0.877  2  1 0.726  3  1 
  3/2  -1   589   21342.7810   18713.4223   2 1?3  17  1  6  0 0.824 0.5 0.879  3  1 0.821  4  2 
  3/2  -1   590   21410.4910   18781.1320   2 1?3  19  3  0  0 0.998 0.5 1.000  2  1 0.624  4  2 
  3/2  -1   591   21439.8100   18810.4507   3 0?3   9  2  3  0 0.934 0.5 0.999  3  0 0.934  2  2 
  3/2  -1   592   21443.5120   18814.1533   2 0?3  10  1  7  0 0.966 0.5 0.999  2  0 0.967  1  1 
  3/2  -1   593   21457.6020   18828.2433   2 2?3  16  1  7  0 0.973 1.5 0.999  2  2 0.840  5  2 
  3/2  -1   594   21476.4270   18847.0679   2 1?3  19  3  0  0 0.995 1.5 1.000  2  1 0.701  3  1 
  3/2  -1   595   21480.4330   18851.0737   2 2?3  15  2  3  0 0.964 1.5 0.999  3  2 0.711  5  2 
  3/2  -1   596   21493.4490   18864.0902   2 0?3  11  3  1  0 0.930 0.5 0.999  2  0 0.930  1  1 
  3/2  -1   597   21519.4930   18890.1337   2 2?3  17  3  1  0 0.997 1.5 0.999  2  2 0.630  5  2 
  3/2  -1   598   21597.3690   18968.0100   2 1?3  20  0  8  0 0.981 1.5 0.994  3  1 0.930  3  1 
  3/2  -1   599   21605.6640   18976.3051   2 1?3  20  0  8  0 0.981 0.5 0.994  3  1 0.915  4  2 
  3/2  -1   600   21632.9870   19003.6280   3 0?3  10  3  1  0 0.929 0.5 1.000  3  0 0.929  2  2 
  3/2  -1   601   21676.7060   19047.3472   2 1?3  21  3  2  0 0.932 1.5 0.997  2  1 0.558  3  1 
  3/2  -1   602   21682.5130   19053.1541   3 0?3  11  1  7  0 0.971 0.5 0.999  3  0 0.971  2  2 
  3/2  -1   603   21684.8140   19055.4549   2 1?3  21  3  2  0 0.922 0.5 0.997  2  1 0.760  4  2 
  3/2  -1   604   21696.1220   19066.7624   2 0?3  12  0  9  0 0.980 0.5 0.999  2  0 0.980  1  1 
  3/2  -1   605   21706.1380   19076.7791   2 2?3  18  1  7  0 0.963 1.5 0.999  3  2 0.806  5  2 
  3/2  -1   606   21714.3600   19085.0010   2 2?3  19  0  9  0 0.967 1.5 0.999  2  2 0.827  5  2 
  3/2  -1   607   21734.1650   19104.8061   2 1?3  22  2  4  0 0.937 0.5 0.985  2  1 0.820  4  2 
  3/2  -1   608   21738.9280   19109.5692   2 1?3  22  2  4  0 0.941 1.5 0.985  2  1 0.848  3  1 
  3/2  -1   609   21789.9240   19160.5652   2 1?3  23  1  8  0 0.970 0.5 0.992  2  1 0.911  4  2 
  3/2  -1   610   21796.1300   19166.7706   2 1?3  23  1  8  0 0.976 1.5 0.992  2  1 0.916  3  1 
  3/2  -1   611   21814.4570   19185.0973   2 1?3  24  3  0  0 0.903 0.5 0.999  3  1 0.789  4  2 
  3/2  -1   612   21829.5480   19200.1888   2 1?3  24  3  0  0 0.943 1.5 0.999  3  1 0.648  3  1 
  3/2  -1   613   21899.2280   19269.8688   2 2?3  20  3  3  0 0.471 1.5 0.509  2  0 0.467  5  2 
  3/2  -1   614   21899.2330   19269.8739   2 0?3  13  3  5  0 0.484 0.5 0.509  2  0 0.484  5  2 
  3/2  -1   615   21900.8470   19271.4874   2 1?3  25  2  4  0 0.949 1.5 0.996  3  1 0.869  3  1 
  3/2  -1   616   21911.8040   19282.4452   2 1?3  25  2  4  0 0.965 0.5 0.996  3  1 0.852  4  2 
  3/2  -1   617   21977.3650   19348.0059   3 0?3  12  0  9  0 0.981 0.5 0.999  3  0 0.981  2  2 
  3/2  -1   618   22007.8590   19378.5001   2 2?3  21  0  9  0 0.987 1.5 0.999  3  2 0.871  5  2 
  3/2  -1   619   22030.4320   19401.0726   2 2?3  22  3  1  0 0.930 1.5 0.999  3  2 0.741  5  2 
  3/2  -1   620   22040.2790   19410.9199   2 1?3  26  1  8  0 0.979 1.5 0.994  3  1 0.924  3  1 
  3/2  -1   621   22048.0450   19418.6856   2 1?3  26  1  8  0 0.979 0.5 0.994  3  1 0.911  4  2 
  3/2  -1   622   22064.8970   19435.5374   3 0?3  13  3  5  0 0.950 0.5 0.999  3  0 0.950  2  2 
  3/2  -1   623   22072.7190   19443.3603   2 1?3  27  0 10  0 0.986 0.5 0.991  2  1 0.927  4  2 
  3/2  -1   624   22079.1580   19449.7984   2 1?3  27  0 10  0 0.984 1.5 0.991  2  1 0.936  3  1 
  3/2  -1   625   22136.7980   19507.4387   2 1?3  28  3  2  0 0.955 1.5 0.762  2  1 0.786  3  1 
  3/2  -1   626   22137.8290   19508.4703   2 1?3  28  3  2  0 0.956 0.5 0.762  2  1 0.819  4  2 
  3/2  -1   627   22140.7200   19511.3603   2 0?3  14  1  9  0 0.972 0.5 0.999  2  0 0.978  1  1 
  3/2  -1   628   22145.5950   19516.2363   2 0?3  15  2  5  0 0.968 0.5 0.999  2  0 0.976  1  1 
  3/2  -1   629   22156.7380   19527.3786   2 2?3  23  1  9  0 0.970 1.5 0.999  2  2 0.856  5  2 
  3/2  -1   630   22163.7500   19534.3905   2 2?3  24  2  5  0 0.967 1.5 0.999  2  2 0.810  5  2 
  3/2  -1   631   22309.4430   19680.0841   2 1?3  29  3  2  0 0.955 0.5 0.658  3  1 0.835  3  1 
  3/2  -1   632   22310.3600   19681.0007   2 1?3  29  3  2  0 0.953 1.5 0.658  3  1 0.818  4  2 
  3/2  -1   633   22341.0710   19711.7121   2 1?3  31  0  0  1 0.997 0.5 1.000  2  1 0.515  4  2 
  3/2  -1   634   22349.0780   19719.7190   3 0?3  14  2  5  0 0.971 0.5 0.999  3  0 0.971  2  2 
  3/2  -1   635   22365.0640   19735.7051   2 1?3  30  0 10  0 0.984 1.5 0.994  3  1 0.940  3  1 
  3/2  -1   636   22372.8070   19743.4479   2 1?3  30  0 10  0 0.982 0.5 0.994  3  1 0.926  4  2 
  3/2  -1   637   22382.6150   19753.2554   2 2?3  25  2  5  0 0.961 1.5 0.999  3  2 0.754  5  2 
  3/2  -1   638   22393.8920   19764.5325   2 0?3  16  3  7  0 0.962 0.5 0.999  2  0 0.962  1  1 
  3/2  -1   639   22398.1260   19768.7666   2 2?3  26  3  3  0 0.939 1.5 0.999  2  2 0.725  5  2 
  3/2  -1   640   22407.3780   19778.0188   2 1?3  31  0  0  1 0.999 1.5 1.000  2  1 0.523  3  1 
  3/2  -1   641   22408.4010   19779.0417   3 0?3  15  1  9  0 0.977 0.5 0.999  3  0 0.977  2  2 
  3/2  -1   642   22434.8600   19805.5006   2 2?3  27  1  9  0 0.979 1.5 0.999  3  2 0.864  5  2 
  3/2  -1   643   22451.0630   19821.7038   2 0?3  17  0 11  0 0.986 0.5 0.999  2  0 0.986  1  1 
  3/2  -1   644   22469.7000   19840.3404   2 2?3  28  0 11  0 0.988 1.5 0.999  2  2 0.880  5  2 
  3/2  -1   645   22511.0270   19881.6676   2 1?3  32  1 10  0 0.984 0.5 0.991  2  1 0.925  4  2 
  3/2  -1   646   22517.3140   19887.9546   2 1?3  32  1 10  0 0.982 1.5 0.991  2  1 0.934  3  1 
  3/2  -1   647   22561.1920   19931.8332   2 1?3  33  2  6  0 0.981 0.5 0.993  2  1 0.898  4  2 
  3/2  -1   648   22568.9610   19939.6023   2 1?3  33  2  6  0 0.976 1.5 0.993  2  1 0.913  3  1 
  3/2  -1   649   22579.6300   19950.2711   2 2?3  29  3  5  0 0.964 1.5 0.999  3  2 0.799  5  2 
  3/2  -1   650   22585.6580   19956.2986   3 0?3  16  3  7  0 0.962 0.5 0.999  3  0 0.962  2  2 
  3/2  -1   651   22675.0060   20045.6473   2 1?3  34  3  6  0 0.968 0.5 0.980  2  1 0.877  4  2 
  3/2  -1   652   22678.3840   20049.0250   2 1?3  34  3  6  0 0.964 1.5 0.980  2  1 0.860  3  1 
  3/2  -1   653   22716.4440   20087.0844   2 0?3  18  0  1  1 0.856 0.5 1.000  2  0 0.856  1  1 
  3/2  -1   654   22728.9540   20099.5950   2 2?3  30  0  1  1 1.000 1.5 1.000  2  2 0.537  5  2 
  3/2  -1   655   22755.6050   20126.2460   3 0?3  17  0 11  0 0.982 0.5 0.999  3  0 0.982  2  2 
  3/2  -1   656   22786.0880   20156.7289   2 1?3  35  1 10  0 0.943 1.5 0.995  3  1 0.911  3  1 
  3/2  -1   657   22786.9010   20157.5419   2 2?3  31  0 11  0 0.957 1.5 0.995  3  2 0.859  5  2 
  3/2  -1   658   22790.0330   20160.6735   2 1?3  36  2  6  0 0.962 1.5 0.993  3  1 0.906  3  1 
  3/2  -1   659   22793.4680   20164.1084   2 1?3  35  1 10  0 0.977 0.5 0.990  3  1 0.920  4  2 
  3/2  -1   660   22798.1590   20168.8001   2 1?3  36  2  6  0 0.975 0.5 0.994  3  1 0.895  4  2 
  3/2  -1   661   22812.2070   20182.8476   3 0?3  18  0  1  1 0.855 0.5 1.000  3  0 0.855  2  2 
  3/2  -1   662   22844.9350   20215.5757   2 1?3  37  0 12  0 0.987 0.5 0.990  2  1 0.936  4  2 
  3/2  -1   663   22851.0140   20221.6547   2 1?3  37  0 12  0 0.986 1.5 0.990  2  1 0.945  3  1 
  3/2  -1   664   22878.3800   20249.0207   2 1?3  38  3  8  0 0.966 1.5 0.991  3  1 0.883  3  1 
  3/2  -1   665   22882.4040   20253.0447   2 0?3  19  1 11  0 0.983 0.5 0.999  2  0 0.983  1  1 
  3/2  -1   666   22883.7890   20254.4301   2 1?3  38  3  8  0 0.969 0.5 0.991  3  1 0.887  4  2 
  3/2  -1   667   22897.7820   20268.4226   2 2?3  32  1 11  0 0.985 1.5 0.999  2  2 0.874  5  2 
  3/2  -1   668   22936.5240   20307.1650   2 0?3  20  2  7  0 0.974 0.5 0.999  2  0 0.975  1  1 
  3/2  -1   669   22946.2580   20316.8991   2 2?3  33  3  5  0 0.977 1.5 0.999  2  2 0.826  5  2 
  3/2  -1   670   23008.4610   20379.1015   2 0?3  21  2  7  0 0.978 0.5 0.999  2  0 0.978  1  1 
  3/2  -1   671   23026.5050   20397.1462   2 2?3  34  2  7  0 0.982 1.5 0.999  2  2 0.851  5  2 
  3/2  -1   672   23086.8820   20457.5229   2 1?3  39  0  2  1 0.944 0.5 0.999  2  1 0.758  4  2 
  3/2  -1   673   23103.6430   20474.2837   2 1?3  39  0  2  1 0.883 1.5 0.999  2  1 0.819  3  1 
  3/2  -1   674   23144.7750   20515.4160   3 0?3  19  3  9  0 0.969 0.5 0.999  3  0 0.969  2  2 
  3/2  -1   675   23153.6570   20524.2982   2 2?3  35  3  9  0 0.972 1.5 0.999  3  2 0.833  5  2 
  3/2  -1   676   23155.9390   20526.5794   2 1?3  40  0 12  0 0.985 1.5 0.993  3  1 0.947  3  1 
  3/2  -1   677   23163.3670   20534.0074   2 1?3  40  0 12  0 0.982 0.5 0.993  3  1 0.932  4  2 
  3/2  -1   678   23181.4650   20552.1060   3 0?3  20  1 11  0 0.978 0.5 0.999  3  0 0.978  2  2 
  3/2  -1   679   23204.5330   20575.1740   2 1?3  41  0  2  1 0.881 1.5 0.999  3  1 0.817  3  1 
  3/2  -1   680   23208.3060   20578.9464   2 2?3  36  1 11  0 0.986 1.5 0.999  3  2 0.876  5  2 
  3/2  -1   681   23213.2680   20583.9085   2 1?3  43  1  0  1 0.752 0.5 0.999  3  1 0.505  4  2 
  3/2  -1   682   23224.8440   20595.4848   2 1?3  41  0  2  1 0.713 0.5 0.999  3  1 0.721  4  2 
  3/2  -1   683   23239.4170   20610.0576   2 1?3  42  3 10  0 0.955 0.5 0.989  2  1 0.892  4  2 
  3/2  -1   684   23240.2160   20610.8566   2 0?3  22  0 13  0 0.972 0.5 0.998  2  0 0.972  1  1 
  3/2  -1   685   23244.3050   20614.9456   2 1?3  42  3 10  0 0.964 1.5 0.989  2  1 0.900  3  1 
  3/2  -1   686   23259.4120   20630.0525   2 2?3  37  0 13  0 0.988 1.5 0.998  2  2 0.893  5  2 
  3/2  -1   687   23265.2720   20635.9124   3 0?3  21  2  7  0 0.980 0.5 0.999  3  0 0.980  2  2 
  3/2  -1   688   23282.8650   20653.5062   2 1?3  43  1  0  1 0.991 1.5 1.000  2  1 0.536  3  1 
  3/2  -1   689   23290.7360   20661.3766   2 1?3  44  1 12  0 0.982 0.5 0.990  2  1 0.924  4  2 
  3/2  -1   690   23296.3510   20666.9917   2 1?3  44  1 12  0 0.979 1.5 0.990  2  1 0.930  3  1 
  3/2  -1   691   23299.7890   20670.4297   2 2?3  38  2  7  0 0.986 1.5 0.999  3  2 0.855  5  2 
  3/2  -1   692   23420.0730   20790.7134   2 1?3  45  2  8  0 0.982 0.5 0.990  2  1 0.924  4  2 
  3/2  -1   693   23426.6830   20797.3235   2 1?3  45  2  8  0 0.977 1.5 0.990  2  1 0.930  3  1 
  3/2  -1   694   23446.4350   20817.0758   2 0?3  23  0  3  1 0.928 0.5 1.000  2  0 0.930  1  1 
  3/2  -1   695   23463.1040   20833.7445   2 1?3  46  3 10  0 0.940 1.5 0.991  3  1 0.871  3  1 
  3/2  -1   696   23463.2830   20833.9237   2 2?3  39  0  3  1 0.940 1.5 0.999  2  2 0.658  5  2 
  3/2  -1   697   23468.2950   20838.9360   2 1?3  46  3 10  0 0.966 0.5 0.991  3  1 0.896  4  2 
  3/2  -1   698   23489.2470   20859.8880   2 0?3  24  1  1  1 0.880 0.5 1.000  2  0 0.885  1  1 
  3/2  -1   699   23503.2750   20873.9158   2 2?3  40  1  1  1 0.964 1.5 1.000  2  2 0.603  5  2 
  3/2  -1   700   23560.0620   20930.7027   3 0?3  22  0 13  0 0.904 0.5 0.998  3  0 0.906  2  2 
  3/2  -1   701   23565.2180   20935.8589   2 0?3  25  3 11  0 0.893 0.5 0.999  2  0 0.894  1  1 
  3/2  -1   702   23571.0950   20941.7362   3 0?3  23  1  1  1 0.876 0.5 1.000  3  0 0.879  2  2 
  3/2  -1   703   23573.1450   20943.7858   2 2?3  42  3 11  0 0.907 1.5 0.999  2  2 0.837  5  2 
  3/2  -1   704   23580.1780   20950.8190   2 1?3  47  1 12  0 0.985 1.5 0.979  3  1 0.947  3  1 
  3/2  -1   705   23588.2340   20958.8745   2 1?3  47  1 12  0 0.975 0.5 0.969  3  1 0.923  4  2 
  3/2  -1   706   23592.0360   20962.6772   2 2?3  41  0 13  0 0.909 1.5 0.989  3  2 0.880  5  2 
  3/2  -1   707   23617.7880   20988.4289   3 0?3  24  0  3  1 0.934 0.5 1.000  3  0 0.934  2  2 
  3/2  -1   708   23647.2100   21017.8512   2 2?3  43  0  3  1 0.968 1.5 1.000  3  2 0.716  5  2 
  3/2  -1   709   23655.3860   21026.0269   2 1?3  48  0 14  0 0.998 0.5 0.990  2  1 0.957  4  2 
  3/2  -1   710   23661.7240   21032.3653   2 1?3  48  0 14  0 0.998 1.5 0.990  2  1 0.956  3  1 
  3/2  -1   711   23685.7010   21056.3416   2 0?3  26  1 13  0 0.996 0.5 0.999  2  0 0.996  1  1 
  3/2  -1   712   23702.1490   21072.7899   2 2?3  44  1 13  0 0.996 1.5 0.999  2  2 0.908  5  2 
  3/2  -1   713   23709.3600   21080.0012   2 1?3  49  2  8  0 0.986 1.5 0.980  3  1 0.943  3  1 
  3/2  -1   714   23718.7400   21089.3805   2 1?3  49  2  8  0 0.987 0.5 0.981  3  1 0.926  4  2 
  3/2  -1   715   23737.3290   21107.9694   2 1?3  50  1  2  1 0.874 0.5 1.000  2  1 0.639  4  2 
  3/2  -1   716   23763.2190   21133.8598   2 1?3  50  1  2  1 0.607 1.5 0.762  2  1 0.772  3  1 
  3/2  -1   717   23763.8520   21134.4929   2 1?3  51  2  0  1 0.680 0.5 0.762  2  1 0.702  4  2 
  3/2  -1   718   23790.8960   21161.5367   3 0?3  25  3 11  0 0.969 0.5 0.999  3  0 0.969  2  2 
  3/2  -1   719   23804.1720   21174.8127   2 2?3  45  3 11  0 0.974 1.5 0.999  3  2 0.846  5  2 
  3/2  -1   720   23813.7530   21184.3939   2 1?3  51  2  0  1 0.809 1.5 1.000  2  1 0.507  3  1 
  3/2  -1   721   23821.3840   21192.0252   2 1?3  52  0  4  1 0.918 0.5 0.999  2  1 0.859  4  2 
  3/2  -1   722   23836.6590   21207.2995   2 0?3  27  2  9  0 0.996 0.5 1.000  2  0 0.998  1  1 
  3/2  -1   723   23843.8180   21214.4587   2 0?3  28  2  9  0 0.996 0.5 0.999  2  0 0.998  1  1 
  3/2  -1   724   23853.9340   21224.5750   2 1?3  52  0  4  1 0.709 1.5 0.888  2  1 0.876  3  1 
  3/2  -1   725   23855.2130   21225.8538   2 1?3  53  1  0  1 0.694 0.5 0.888  2  1 0.873  4  2 
  3/2  -1   726   23859.7200   21230.3605   2 2?3  46  2  9  0 0.784 1.5 0.999  2  2 0.855  5  2 
  3/2  -1   727   23866.7620   21237.4026   2 2?3  47  4  3  0 0.772 1.5 0.999  2  2 0.788  5  2 
  3/2  -1   728   23870.5510   21241.1921   2 1?3  53  1  0  1 0.625 1.5 0.999  2  1 0.503  3  1 
  3/2  -1   729   23893.1360   21263.7771   2 1?3  54  1  2  1 0.760 0.5 0.978  3  1 0.771  4  2 
  3/2  -1   730   23896.0970   21266.7376   2 1?3  54  1  2  1 0.813 1.5 0.978  2  1 0.541  3  1 
  3/2  -1   731   23905.5780   21276.2189   2 1?3  55  3 12  0 0.999 0.5 0.993  2  1 0.934  4  2 
  3/2  -1   732   23911.6470   21282.2877   2 1?3  55  3 12  0 0.998 1.5 0.993  2  1 0.930  3  1 
  3/2   1   733   18578.9460   15949.5873   2 1?3   1  0  0  0 1.000 0.5 1.000  2  1 0.522  4  2 
  3/2   1   734   18645.3640   16016.0051   2 1?3   1  0  0  0 1.000 1.5 1.000  2  1 0.527  3  1 
  3/2   1   735   18916.7780   16287.4192   2 0?3   1  0  1  0 0.857 0.5 1.000  2  0 0.857  1  2 
  3/2   1   736   18929.2320   16299.8727   2 2?3   1  0  1  0 1.000 1.5 1.000  2  2 0.543  5  2 
  3/2   1   737   19012.8900   16383.5310   3 0?3   1  0  1  0 0.858 0.5 1.000  3  0 0.858  2  1 
  3/2   1   738   19249.5190   16620.1598   2 1?3   2  0  2  0 0.942 0.5 0.998  2  1 0.767  4  2 
  3/2   1   739   19264.2130   16634.8533   2 1?3   2  0  2  0 0.891 1.5 0.998  2  1 0.815  3  1 
  3/2   1   740   19369.7740   16740.4144   2 1?3   3  0  2  0 0.892 1.5 0.999  3  1 0.815  3  1 
  3/2   1   741   19385.8790   16756.5194   2 1?3   3  0  2  0 0.943 0.5 0.999  3  1 0.768  4  2 
  3/2   1   742   19469.5900   16840.2310   2 1?3   4  1  0  0 0.999 0.5 1.000  2  1 0.538  4  2 
  3/2   1   743   19537.1370   16907.7774   2 1?3   4  1  0  0 1.000 1.5 1.000  2  1 0.551  3  1 
  3/2   1   744   19581.1100   16951.7511   2 0?3   2  0  3  0 0.945 0.5 0.999  2  0 0.945  1  2 
  3/2   1   745   19596.3370   16966.9778   2 2?3   2  0  3  0 0.971 1.5 0.999  2  2 0.722  5  2 
  3/2   1   746   19696.5950   17067.2363   2 0?3   3  1  1  0 0.878 0.5 1.000  2  0 0.879  1  2 
  3/2   1   747   19711.9150   17082.5554   2 2?3   3  1  1  0 0.729 1.5 1.000  2  2 0.567  5  2 
  3/2   1   748   19730.8620   17101.5029   3 0?3   2  0  3  0 0.935 0.5 0.999  3  0 0.937  2  1 
  3/2   1   749   19770.3780   17141.0189   2 2?3   4  0  1  0 0.716 1.5 0.999  3  2 0.724  5  2 
  3/2   1   750   19805.5840   17176.2249   3 0?3   3  1  1  0 0.889 0.5 1.000  3  0 0.889  2  1 
  3/2   1   751   19902.0220   17272.6626   2 1?3   5  0  4  0 0.960 0.5 0.997  2  1 0.834  4  2 
  3/2   1   752   19912.9720   17283.6126   2 1?3   5  0  4  0 0.944 1.5 0.997  2  1 0.859  3  1 
  3/2   1   753   19959.9860   17330.6272   2 1?3   6  1  2  0 0.879 0.5 0.998  2  1 0.725  4  2 
  3/2   1   754   19972.0920   17342.7326   2 1?3   6  1  2  0 0.881 1.5 0.998  2  1 0.796  3  1 
  3/2   1   755   19985.3720   17356.0125   2 1?3   7  2  0  0 0.875 0.5 0.999  2  1 0.596  4  2 
  3/2   1   756   20038.8170   17409.4574   2 1?3   7  2  0  0 0.824 1.5 1.000  3  1 0.569  3  1 
  3/2   1   757   20062.8950   17433.5357   2 1?3   8  1  2  0 0.835 1.5 0.993  3  1 0.740  3  1 
  3/2   1   758   20068.0510   17438.6916   2 1?3   8  1  2  0 0.923 0.5 0.993  3  1 0.810  4  2 
  3/2   1   759   20118.1870   17488.8282   2 1?3   9  0  4  0 0.940 1.5 0.996  3  1 0.841  3  1 
  3/2   1   760   20126.9900   17497.6310   2 1?3   9  0  4  0 0.959 0.5 0.996  3  1 0.841  4  2 
  3/2   1   761   20196.1750   17566.8157   2 0?3   4  1  3  0 0.955 0.5 0.999  2  0 0.955  1  2 
  3/2   1   762   20209.1050   17579.7457   2 2?3   5  1  3  0 0.966 1.5 0.999  2  2 0.751  5  2 
  3/2   1   763   20283.6970   17654.3383   2 0?3   5  0  5  0 0.960 0.5 0.999  2  0 0.960  1  2 
  3/2   1   764   20297.5120   17668.1527   2 2?3   6  0  5  0 0.964 1.5 0.999  2  2 0.787  5  2 
  3/2   1   765   20362.7010   17733.3416   3 0?3   4  1  3  0 0.949 0.5 0.999  3  0 0.949  2  1 
  3/2   1   766   20379.6280   17750.2693   2 2?3   7  1  3  0 0.952 1.5 0.999  3  2 0.749  5  2 
  3/2   1   767   20427.9180   17798.5588   2 0?3   6  2  1  0 0.841 0.5 1.000  2  0 0.841  1  2 
  3/2   1   768   20438.6780   17809.3187   2 2?3   8  2  1  0 0.993 1.5 1.000  2  2 0.531  5  2 
  3/2   1   769   20478.3870   17849.0278   3 0?3   5  0  5  0 0.963 0.5 0.999  3  0 0.966  2  1 
  3/2   1   770   20490.7330   17861.3734   2 1?3  10  1  4  0 0.967 0.5 0.995  2  1 0.861  4  2 
  3/2   1   771   20498.2470   17868.8877   2 1?3  10  1  4  0 0.959 1.5 0.995  2  1 0.869  3  1 
  3/2   1   772   20507.7570   17878.3973   2 2?3   9  0  5  0 0.972 1.5 0.999  3  2 0.802  5  2 
  3/2   1   773   20518.9070   17889.5479   3 0?3   6  2  1  0 0.844 0.5 1.000  3  0 0.845  2  1 
  3/2   1   774   20626.0880   17996.7286   2 1?3  11  0  6  0 0.970 0.5 0.993  2  1 0.889  4  2 
  3/2   1   775   20633.0440   18003.6845   2 1?3  11  0  6  0 0.966 1.5 0.993  2  1 0.892  3  1 
  3/2   1   776   20674.2770   18044.9175   2 1?3  12  1  4  0 0.953 1.5 0.995  3  1 0.860  3  1 
  3/2   1   777   20682.1770   18052.8182   2 1?3  12  1  4  0 0.961 0.5 0.995  3  1 0.865  4  2 
  3/2   1   778   20795.4040   18166.0447   2 0?3   7  1  5  0 0.968 0.5 0.999  2  0 0.968  1  2 
  3/2   1   779   20807.3870   18178.0280   2 2?3  10  1  5  0 0.977 1.5 0.999  2  2 0.805  5  2 
  3/2   1   780   20847.9800   18218.6208   2 1?3  13  0  6  0 0.974 1.5 0.995  3  1 0.911  3  1 
  3/2   1   781   20856.9520   18227.5930   2 1?3  13  0  6  0 0.958 0.5 0.995  3  1 0.877  4  2 
  3/2   1   782   20864.1610   18234.8021   2 1?3  14  2  2  0 0.923 0.5 0.998  2  1 0.735  4  2 
  3/2   1   783   20880.5270   18251.1683   2 1?3  14  2  2  0 0.879 1.5 0.998  2  1 0.823  3  1 
  3/2   1   784   20974.4890   18345.1298   2 0?3   8  0  7  0 0.968 0.5 0.999  2  0 0.969  1  2 
  3/2   1   785   20977.8960   18348.5370   2 1?3  15  2  2  0 0.879 1.5 0.999  3  1 0.822  3  1 
  3/2   1   786   20990.2610   18360.9019   2 2?3  11  0  7  0 0.811 1.5 0.999  2  2 0.841  5  2 
  3/2   1   787   20996.0600   18366.7004   2 1?3  15  2  2  0 0.944 0.5 0.999  3  1 0.755  4  2 
  3/2   1   788   20998.9280   18369.5686   3 0?3   7  1  5  0 0.961 0.5 0.999  3  0 0.962  2  1 
  3/2   1   789   21020.4920   18391.1329   2 2?3  12  1  7  0 0.805 1.5 0.999  3  2 0.810  5  2 
  3/2   1   790   21114.7190   18485.3598   2 1?3  16  1  6  0 0.975 0.5 0.993  2  1 0.892  4  2 
  3/2   1   791   21121.6380   18492.2784   2 1?3  16  1  6  0 0.972 1.5 0.993  2  1 0.902  3  1 
  3/2   1   792   21218.9970   18589.6382   3 0?3   8  0  7  0 0.980 0.5 0.999  3  0 0.980  2  1 
  3/2   1   793   21250.0250   18620.6660   2 2?3  13  0  7  0 0.984 1.5 0.999  3  2 0.847  5  2 
  3/2   1   794   21294.6460   18665.2870   2 0?3   9  2  3  0 0.943 0.5 0.999  2  0 0.943  1  2 
  3/2   1   795   21310.1810   18680.8218   2 2?3  14  2  3  0 0.974 1.5 0.999  2  2 0.714  5  2 
  3/2   1   796   21333.2240   18703.8647   2 1?3  17  1  6  0 0.863 1.5 0.916  3  1 0.712  3  1 
  3/2   1   797   21334.0520   18704.6932   2 1?3  18  0  8  0 0.865 0.5 0.915  2  1 0.846  4  2 
  3/2   1   798   21342.1390   18712.7800   2 1?3  18  0  8  0 0.833 1.5 0.875  2  1 0.725  3  1 
  3/2   1   799   21342.7700   18713.4108   2 1?3  17  1  6  0 0.825 0.5 0.877  3  1 0.822  4  2 
  3/2   1   800   21410.4940   18781.1348   2 1?3  19  3  0  0 0.998 0.5 1.000  2  1 0.624  4  2 
  3/2   1   801   21438.4740   18809.1149   3 0?3   9  2  3  0 0.941 0.5 0.999  3  0 0.941  2  1 
  3/2   1   802   21444.7100   18815.3511   2 0?3  10  1  7  0 0.971 0.5 0.999  2  0 0.971  1  2 
  3/2   1   803   21457.6020   18828.2433   2 2?3  16  1  7  0 0.973 1.5 0.999  2  2 0.840  5  2 
  3/2   1   804   21476.4270   18847.0679   2 1?3  19  3  0  0 0.995 1.5 1.000  2  1 0.701  3  1 
  3/2   1   805   21480.4330   18851.0737   2 2?3  15  2  3  0 0.964 1.5 0.999  3  2 0.711  5  2 
  3/2   1   806   21494.3910   18865.0323   2 0?3  11  3  1  0 0.927 0.5 0.999  2  0 0.927  1  2 
  3/2   1   807   21519.4930   18890.1337   2 2?3  17  3  1  0 0.997 1.5 0.999  2  2 0.630  5  2 
  3/2   1   808   21597.3700   18968.0105   2 1?3  20  0  8  0 0.981 1.5 0.994  3  1 0.930  3  1 
  3/2   1   809   21605.6540   18976.2946   2 1?3  20  0  8  0 0.984 0.5 0.994  3  1 0.918  4  2 
  3/2   1   810   21632.0560   19002.6970   3 0?3  10  3  1  0 0.928 0.5 1.000  3  0 0.928  2  1 
  3/2   1   811   21676.7060   19047.3469   2 1?3  21  3  2  0 0.932 1.5 0.997  2  1 0.559  3  1 
  3/2   1   812   21681.3170   19051.9576   3 0?3  11  1  7  0 0.975 0.5 0.999  3  0 0.975  2  1 
  3/2   1   813   21684.8150   19055.4555   2 1?3  21  3  2  0 0.920 0.5 0.997  2  1 0.758  4  2 
  3/2   1   814   21697.4300   19068.0708   2 0?3  12  0  9  0 0.978 0.5 0.999  2  0 0.978  1  2 
  3/2   1   815   21706.1380   19076.7791   2 2?3  18  1  7  0 0.963 1.5 0.999  3  2 0.806  5  2 
  3/2   1   816   21714.3600   19085.0010   2 2?3  19  0  9  0 0.967 1.5 0.999  2  2 0.827  5  2 
  3/2   1   817   21734.1670   19104.8081   2 1?3  22  2  4  0 0.936 0.5 0.985  2  1 0.819  4  2 
  3/2   1   818   21738.9290   19109.5703   2 1?3  22  2  4  0 0.941 1.5 0.985  2  1 0.847  3  1 
  3/2   1   819   21789.9230   19160.5636   2 1?3  23  1  8  0 0.968 0.5 0.991  2  1 0.908  4  2 
  3/2   1   820   21796.1310   19166.7714   2 1?3  23  1  8  0 0.975 1.5 0.991  2  1 0.916  3  1 
  3/2   1   821   21814.4500   19185.0912   2 1?3  24  3  0  0 0.904 0.5 0.999  3  1 0.790  4  2 
  3/2   1   822   21829.5480   19200.1885   2 1?3  24  3  0  0 0.943 1.5 0.999  3  1 0.648  3  1 
  3/2   1   823   21899.2300   19269.8713   2 2?3  20  3  3  0 0.927 1.5 0.999  2  2 0.696  5  2 
  3/2   1   824   21900.2270   19270.8681   2 0?3  13  3  5  0 0.948 0.5 0.999  2  0 0.948  1  2 
  3/2   1   825   21900.8470   19271.4882   2 1?3  25  2  4  0 0.948 1.5 0.995  3  1 0.868  3  1 
  3/2   1   826   21911.7990   19282.4395   2 1?3  25  2  4  0 0.967 0.5 0.996  3  1 0.854  4  2 
  3/2   1   827   21976.0710   19346.7117   3 0?3  12  0  9  0 0.984 0.5 0.999  3  0 0.984  2  1 
  3/2   1   828   22007.8590   19378.5001   2 2?3  21  0  9  0 0.987 1.5 0.999  3  2 0.871  5  2 
  3/2   1   829   22030.4320   19401.0726   2 2?3  22  3  1  0 0.930 1.5 0.999  3  2 0.741  5  2 
  3/2   1   830   22040.2800   19410.9207   2 1?3  26  1  8  0 0.978 1.5 0.994  3  1 0.924  3  1 
  3/2   1   831   22048.0310   19418.6723   2 1?3  26  1  8  0 0.982 0.5 0.994  3  1 0.914  4  2 
  3/2   1   832   22063.9110   19434.5518   3 0?3  13  3  5  0 0.950 0.5 0.999  3  0 0.950  2  1 
  3/2   1   833   22072.7110   19443.3523   2 1?3  27  0 10  0 0.984 0.5 0.991  2  1 0.924  4  2 
  3/2   1   834   22079.1570   19449.7981   2 1?3  27  0 10  0 0.984 1.5 0.991  2  1 0.935  3  1 
  3/2   1   835   22136.8020   19507.4425   2 1?3  28  3  2  0 0.957 1.5 0.761  2  1 0.788  3  1 
  3/2   1   836   22137.8110   19508.4523   2 1?3  28  3  2  0 0.951 0.5 0.762  2  1 0.814  4  2 
  3/2   1   837   22142.0370   19512.6779   2 0?3  14  1  9  0 0.971 0.5 0.999  2  0 0.975  1  2 
  3/2   1   838   22146.9850   19517.6259   2 0?3  15  2  5  0 0.967 0.5 0.999  2  0 0.971  1  2 
  3/2   1   839   22156.7380   19527.3786   2 2?3  23  1  9  0 0.970 1.5 0.999  2  2 0.856  5  2 
  3/2   1   840   22163.7500   19534.3905   2 2?3  24  2  5  0 0.967 1.5 0.999  2  2 0.810  5  2 
  3/2   1   841   22309.4430   19680.0833   2 1?3  29  3  2  0 0.954 0.5 0.663  3  1 0.835  3  1 
  3/2   1   842   22310.3550   19680.9959   2 1?3  29  3  2  0 0.955 1.5 0.663  3  1 0.820  4  2 
  3/2   1   843   22341.0720   19711.7125   2 1?3  31  0  0  1 0.997 0.5 1.000  2  1 0.515  4  2 
  3/2   1   844   22347.6340   19718.2751   3 0?3  14  2  5  0 0.972 0.5 0.999  3  0 0.972  2  1 
  3/2   1   845   22365.0640   19735.7051   2 1?3  30  0 10  0 0.984 1.5 0.993  3  1 0.940  3  1 
  3/2   1   846   22372.7970   19743.4382   2 1?3  30  0 10  0 0.986 0.5 0.993  3  1 0.930  4  2 
  3/2   1   847   22382.6150   19753.2554   2 2?3  25  2  5  0 0.961 1.5 0.999  3  2 0.754  5  2 
  3/2   1   848   22394.9200   19765.5605   2 0?3  16  3  7  0 0.958 0.5 0.999  2  0 0.958  1  2 
  3/2   1   849   22398.1260   19768.7666   2 2?3  26  3  3  0 0.939 1.5 0.999  2  2 0.725  5  2 
  3/2   1   850   22407.1680   19777.8087   3 0?3  15  1  9  0 0.979 0.5 0.998  3  0 0.979  2  1 
  3/2   1   851   22407.3780   19778.0190   2 1?3  31  0  0  1 0.999 1.5 0.999  2  1 0.522  3  1 
  3/2   1   852   22434.8600   19805.5006   2 2?3  27  1  9  0 0.979 1.5 0.999  3  2 0.864  5  2 
  3/2   1   853   22452.3850   19823.0262   2 0?3  17  0 11  0 0.982 0.5 0.999  2  0 0.982  1  2 
  3/2   1   854   22469.7000   19840.3404   2 2?3  28  0 11  0 0.988 1.5 0.999  2  2 0.880  5  2 
  3/2   1   855   22511.0240   19881.6645   2 1?3  32  1 10  0 0.982 0.5 0.991  2  1 0.922  4  2 
  3/2   1   856   22517.3150   19887.9554   2 1?3  32  1 10  0 0.981 1.5 0.991  2  1 0.933  3  1 
  3/2   1   857   22561.1980   19931.8385   2 1?3  33  2  6  0 0.979 0.5 0.992  2  1 0.896  4  2 
  3/2   1   858   22568.9630   19939.6035   2 1?3  33  2  6  0 0.976 1.5 0.992  2  1 0.913  3  1 
  3/2   1   859   22579.6300   19950.2711   2 2?3  29  3  5  0 0.964 1.5 0.999  3  2 0.799  5  2 
  3/2   1   860   22584.6310   19955.2715   3 0?3  16  3  7  0 0.963 0.5 0.999  3  0 0.963  2  1 
  3/2   1   861   22675.0030   20045.6438   2 1?3  34  3  6  0 0.966 0.5 0.980  2  1 0.876  4  2 
  3/2   1   862   22678.3850   20049.0256   2 1?3  34  3  6  0 0.963 1.5 0.980  2  1 0.859  3  1 
  3/2   1   863   22717.3940   20088.0350   2 0?3  18  0  1  1 0.848 0.5 1.000  2  0 0.848  1  2 
  3/2   1   864   22728.9540   20099.5950   2 2?3  30  0  1  1 1.000 1.5 1.000  2  2 0.537  5  2 
  3/2   1   865   22754.3140   20124.9544   3 0?3  17  0 11  0 0.986 0.5 0.999  3  0 0.986  2  1 
  3/2   1   866   22786.0900   20156.7304   2 1?3  35  1 10  0 0.942 1.5 0.995  3  1 0.910  3  1 
  3/2   1   867   22786.9010   20157.5420   2 2?3  31  0 11  0 0.957 1.5 0.995  3  2 0.859  5  2 
  3/2   1   868   22790.0340   20160.6749   2 1?3  36  2  6  0 0.961 1.5 0.993  3  1 0.906  3  1 
  3/2   1   869   22793.4460   20164.0869   2 1?3  35  1 10  0 0.980 0.5 0.990  3  1 0.923  4  2 
  3/2   1   870   22798.1460   20168.7865   2 1?3  36  2  6  0 0.977 0.5 0.994  3  1 0.897  4  2 
  3/2   1   871   22811.2580   20181.8988   3 0?3  18  0  1  1 0.849 0.5 1.000  3  0 0.849  2  1 
  3/2   1   872   22844.9250   20215.5657   2 1?3  37  0 12  0 0.984 0.5 0.990  2  1 0.933  4  2 
  3/2   1   873   22851.0130   20221.6539   2 1?3  37  0 12  0 0.985 1.5 0.990  2  1 0.944  3  1 
  3/2   1   874   22878.3810   20249.0215   2 1?3  38  3  8  0 0.966 1.5 0.991  3  1 0.883  3  1 
  3/2   1   875   22883.6610   20254.3016   2 0?3  19  1 11  0 0.979 0.5 0.999  2  0 0.979  1  2 
  3/2   1   876   22883.7790   20254.4199   2 1?3  38  3  8  0 0.971 0.5 0.991  3  1 0.889  4  2 
  3/2   1   877   22897.7820   20268.4226   2 2?3  32  1 11  0 0.985 1.5 0.999  2  2 0.874  5  2 
  3/2   1   878   22937.7310   20308.3714   2 0?3  20  2  7  0 0.971 0.5 0.999  2  0 0.972  1  2 
  3/2   1   879   22946.2580   20316.8991   2 2?3  33  3  5  0 0.977 1.5 0.999  2  2 0.826  5  2 
  3/2   1   880   23009.8310   20380.4720   2 0?3  21  2  7  0 0.975 0.5 0.999  2  0 0.975  1  2 
  3/2   1   881   23026.5050   20397.1462   2 2?3  34  2  7  0 0.982 1.5 0.999  2  2 0.851  5  2 
  3/2   1   882   23086.8920   20457.5330   2 1?3  39  0  2  1 0.943 0.5 0.999  2  1 0.757  4  2 
  3/2   1   883   23103.6440   20474.2843   2 1?3  39  0  2  1 0.883 1.5 0.999  2  1 0.819  3  1 
  3/2   1   884   23143.6740   20514.3149   3 0?3  19  3  9  0 0.971 0.5 0.999  3  0 0.971  2  1 
  3/2   1   885   23153.6570   20524.2982   2 2?3  35  3  9  0 0.972 1.5 0.999  3  2 0.833  5  2 
  3/2   1   886   23155.9390   20526.5797   2 1?3  40  0 12  0 0.985 1.5 0.993  3  1 0.947  3  1 
  3/2   1   887   23163.3500   20533.9907   2 1?3  40  0 12  0 0.986 0.5 0.993  3  1 0.937  4  2 
  3/2   1   888   23180.2010   20550.8417   3 0?3  20  1 11  0 0.981 0.5 0.999  3  0 0.982  2  1 
  3/2   1   889   23204.5340   20575.1746   2 1?3  41  0  2  1 0.881 1.5 0.999  3  1 0.817  3  1 
  3/2   1   890   23208.3050   20578.9462   2 2?3  36  1 11  0 0.986 1.5 0.999  3  2 0.876  5  2 
  3/2   1   891   23213.2670   20583.9077   2 1?3  43  1  0  1 0.751 0.5 0.999  3  1 0.505  4  2 
  3/2   1   892   23224.8350   20595.4755   2 1?3  41  0  2  1 0.714 0.5 0.999  3  1 0.722  4  2 
  3/2   1   893   23239.4130   20610.0535   2 1?3  42  3 10  0 0.961 0.5 0.989  2  1 0.897  4  2 
  3/2   1   894   23241.5430   20612.1834   2 0?3  22  0 13  0 0.975 0.5 0.995  2  0 0.975  1  2 
  3/2   1   895   23244.3100   20614.9506   2 1?3  42  3 10  0 0.962 1.5 0.986  2  1 0.898  3  1 
  3/2   1   896   23259.4120   20630.0530   2 2?3  37  0 13  0 0.988 1.5 0.999  2  2 0.893  5  2 
  3/2   1   897   23263.8230   20634.4640   3 0?3  21  2  7  0 0.982 0.5 0.999  3  0 0.982  2  1 
  3/2   1   898   23282.8650   20653.5062   2 1?3  43  1  0  1 0.991 1.5 1.000  2  1 0.536  3  1 
  3/2   1   899   23290.7230   20661.3638   2 1?3  44  1 12  0 0.980 0.5 0.989  2  1 0.922  4  2 
  3/2   1   900   23296.3540   20666.9953   2 1?3  44  1 12  0 0.978 1.5 0.989  2  1 0.929  3  1 
  3/2   1   901   23299.7890   20670.4294   2 2?3  38  2  7  0 0.986 1.5 0.999  3  2 0.855  5  2 
  3/2   1   902   23420.0580   20790.6987   2 1?3  45  2  8  0 0.980 0.5 0.989  2  1 0.922  4  2 
  3/2   1   903   23426.6860   20797.3265   2 1?3  45  2  8  0 0.977 1.5 0.989  2  1 0.930  3  1 
  3/2   1   904   23447.5620   20818.2025   2 0?3  23  0  3  1 0.924 0.5 1.000  2  0 0.926  1  2 
  3/2   1   905   23463.1060   20833.7466   2 1?3  46  3 10  0 0.939 1.5 0.992  3  1 0.870  3  1 
  3/2   1   906   23463.2830   20833.9239   2 2?3  39  0  3  1 0.939 1.5 0.999  2  2 0.658  5  2 
  3/2   1   907   23468.2750   20838.9155   2 1?3  46  3 10  0 0.968 0.5 0.991  3  1 0.899  4  2 
  3/2   1   908   23490.2230   20860.8638   2 0?3  24  1  1  1 0.873 0.5 1.000  2  0 0.879  1  2 
  3/2   1   909   23503.2750   20873.9159   2 2?3  40  1  1  1 0.964 1.5 1.000  2  2 0.603  5  2 
  3/2   1   910   23558.1620   20928.8030   3 0?3  22  0 13  0 0.955 0.5 0.999  3  0 0.956  2  1 
  3/2   1   911   23566.1350   20936.7759   2 0?3  25  3 11  0 0.938 0.5 0.999  2  0 0.939  1  2 
  3/2   1   912   23570.1210   20940.7622   3 0?3  23  1  1  1 0.870 0.5 1.000  3  0 0.874  2  1 
  3/2   1   913   23573.1450   20943.7858   2 2?3  42  3 11  0 0.907 1.5 0.999  2  2 0.837  5  2 
  3/2   1   914   23580.2970   20950.9376   2 1?3  47  1 12  0 0.984 1.5 0.992  3  1 0.947  3  1 
  3/2   1   915   23587.4290   20958.0701   2 1?3  47  1 12  0 0.980 0.5 0.987  3  1 0.928  4  2 
  3/2   1   916   23592.0150   20962.6559   2 2?3  41  0 13  0 0.913 1.5 0.993  3  2 0.883  5  2 
  3/2   1   917   23616.3320   20986.9731   3 0?3  24  0  3  1 0.931 0.5 1.000  3  0 0.932  2  1 
  3/2   1   918   23647.2090   21017.8500   2 2?3  43  0  3  1 0.968 1.5 1.000  3  2 0.716  5  2 
  3/2   1   919   23655.9380   21026.5793   2 1?3  48  0 14  0 0.997 0.5 0.951  2  1 0.955  4  2 
  3/2   1   920   23661.9520   21032.5924   2 1?3  48  0 14  0 0.997 1.5 0.951  2  1 0.955  3  1 
  3/2   1   921   23687.7370   21058.3777   2 0?3  26  1 13  0 0.992 0.5 0.997  2  0 0.992  1  2 
  3/2   1   922   23702.1750   21072.8159   2 2?3  44  1 13  0 0.994 1.5 0.997  2  2 0.906  5  2 
  3/2   1   923   23709.4810   21080.1223   2 1?3  49  2  8  0 0.986 1.5 0.992  3  1 0.942  3  1 
  3/2   1   924   23717.9100   21088.5513   2 1?3  49  2  8  0 0.988 0.5 0.993  3  1 0.927  4  2 
  3/2   1   925   23737.3710   21108.0120   2 1?3  50  1  2  1 0.872 0.5 0.999  2  1 0.638  4  2 
  3/2   1   926   23763.1410   21133.7818   2 1?3  50  1  2  1 0.588 1.5 0.736  2  1 0.768  3  1 
  3/2   1   927   23764.0180   21134.6593   2 1?3  51  2  0  1 0.658 0.5 0.737  2  1 0.706  4  2 
  3/2   1   928   23789.3920   21160.0332   3 0?3  25  3 11  0 0.971 0.5 0.999  3  0 0.971  2  1 
  3/2   1   929   23804.1630   21174.8041   2 2?3  45  3 11  0 0.975 1.5 0.999  3  2 0.847  5  2 
  3/2   1   930   23813.7530   21184.3941   2 1?3  51  2  0  1 0.809 1.5 1.000  2  1 0.507  3  1 
  3/2   1   931   23821.4650   21192.1054   2 1?3  52  0  4  1 0.915 0.5 0.999  2  1 0.859  4  2 
  3/2   1   932   23838.3000   21208.9411   2 0?3  27  2  9  0 0.978 0.5 0.999  2  0 0.996  1  2 
  3/2   1   933   23845.5820   21216.2229   2 0?3  28  2  9  0 0.976 0.5 0.998  2  0 0.994  1  2 
  3/2   1   934   23853.8110   21224.4519   2 1?3  52  0  4  1 0.680 1.5 0.852  2  1 0.876  3  1 
  3/2   1   935   23855.6300   21226.2706   2 1?3  53  1  0  1 0.667 0.5 0.852  2  1 0.870  4  2 
  3/2   1   936   23859.7380   21230.3784   2 2?3  46  2  9  0 0.781 1.5 0.998  2  2 0.854  5  2 
  3/2   1   937   23866.7680   21237.4087   2 2?3  47  4  3  0 0.771 1.5 0.999  2  2 0.788  5  2 
  3/2   1   938   23870.5570   21241.1975   2 1?3  53  1  0  1 0.625 1.5 0.999  2  1 0.503  3  1 
  3/2   1   939   23893.0160   21263.6565   2 1?3  54  1  2  1 0.760 0.5 0.989  3  1 0.775  4  2 
  3/2   1   940   23896.0660   21266.7073   2 1?3  54  1  2  1 0.813 1.5 0.989  2  1 0.545  3  1 
  3/2   1   941   23905.9360   21276.5771   2 1?3  55  3 12  0 0.998 0.5 0.975  2  1 0.933  4  2 
  3/2   1   942   23911.7470   21282.3879   2 1?3  55  3 12  0 0.998 1.5 0.975  2  1 0.930  3  1 
